[2022-06-06 10:56:55,646] {processor.py:153} INFO - Started process (PID=752) to work on /opt/airflow/dags/create_dag_with_python_operator.py
[2022-06-06 10:56:55,654] {processor.py:641} INFO - Processing file /opt/airflow/dags/create_dag_with_python_operator.py for tasks to queue
[2022-06-06 10:56:55,656] {logging_mixin.py:115} INFO - [2022-06-06 10:56:55,656] {dagbag.py:507} INFO - Filling up the DagBag from /opt/airflow/dags/create_dag_with_python_operator.py
[2022-06-06 10:56:55,703] {processor.py:651} INFO - DAG(s) dict_keys(['our_dag_with_python_operator_v07']) retrieved from /opt/airflow/dags/create_dag_with_python_operator.py
[2022-06-06 10:56:55,915] {logging_mixin.py:115} INFO - [2022-06-06 10:56:55,915] {manager.py:508} INFO - Created Permission View: can read on DAG:our_dag_with_python_operator_v07
[2022-06-06 10:56:55,934] {logging_mixin.py:115} INFO - [2022-06-06 10:56:55,934] {manager.py:508} INFO - Created Permission View: can delete on DAG:our_dag_with_python_operator_v07
[2022-06-06 10:56:55,945] {logging_mixin.py:115} INFO - [2022-06-06 10:56:55,945] {manager.py:508} INFO - Created Permission View: can edit on DAG:our_dag_with_python_operator_v07
[2022-06-06 10:56:55,946] {logging_mixin.py:115} INFO - [2022-06-06 10:56:55,946] {dag.py:2371} INFO - Sync 1 DAGs
[2022-06-06 10:56:55,964] {logging_mixin.py:115} INFO - [2022-06-06 10:56:55,963] {dag.py:2390} INFO - Creating ORM DAG for our_dag_with_python_operator_v07
[2022-06-06 10:56:55,998] {logging_mixin.py:115} INFO - [2022-06-06 10:56:55,998] {dag.py:2919} INFO - Setting next_dagrun for our_dag_with_python_operator_v07 to 2021-10-06T00:00:00+00:00, run_after=2021-10-07T00:00:00+00:00
[2022-06-06 10:56:56,032] {processor.py:161} INFO - Processing /opt/airflow/dags/create_dag_with_python_operator.py took 0.391 seconds
[2022-06-06 10:57:26,134] {processor.py:153} INFO - Started process (PID=787) to work on /opt/airflow/dags/create_dag_with_python_operator.py
[2022-06-06 10:57:26,135] {processor.py:641} INFO - Processing file /opt/airflow/dags/create_dag_with_python_operator.py for tasks to queue
[2022-06-06 10:57:26,137] {logging_mixin.py:115} INFO - [2022-06-06 10:57:26,137] {dagbag.py:507} INFO - Filling up the DagBag from /opt/airflow/dags/create_dag_with_python_operator.py
[2022-06-06 10:57:26,154] {processor.py:651} INFO - DAG(s) dict_keys(['our_dag_with_python_operator_v07']) retrieved from /opt/airflow/dags/create_dag_with_python_operator.py
[2022-06-06 10:57:26,192] {logging_mixin.py:115} INFO - [2022-06-06 10:57:26,192] {dag.py:2371} INFO - Sync 1 DAGs
[2022-06-06 10:57:26,224] {logging_mixin.py:115} INFO - [2022-06-06 10:57:26,224] {dag.py:2919} INFO - Setting next_dagrun for our_dag_with_python_operator_v07 to 2021-10-06T00:00:00+00:00, run_after=2021-10-07T00:00:00+00:00
[2022-06-06 10:57:26,243] {processor.py:161} INFO - Processing /opt/airflow/dags/create_dag_with_python_operator.py took 0.114 seconds
[2022-06-06 10:57:56,324] {processor.py:153} INFO - Started process (PID=811) to work on /opt/airflow/dags/create_dag_with_python_operator.py
[2022-06-06 10:57:56,325] {processor.py:641} INFO - Processing file /opt/airflow/dags/create_dag_with_python_operator.py for tasks to queue
[2022-06-06 10:57:56,327] {logging_mixin.py:115} INFO - [2022-06-06 10:57:56,326] {dagbag.py:507} INFO - Filling up the DagBag from /opt/airflow/dags/create_dag_with_python_operator.py
[2022-06-06 10:57:56,342] {processor.py:651} INFO - DAG(s) dict_keys(['our_dag_with_python_operator_v07']) retrieved from /opt/airflow/dags/create_dag_with_python_operator.py
[2022-06-06 10:57:56,380] {logging_mixin.py:115} INFO - [2022-06-06 10:57:56,380] {dag.py:2371} INFO - Sync 1 DAGs
[2022-06-06 10:57:56,411] {logging_mixin.py:115} INFO - [2022-06-06 10:57:56,411] {dag.py:2919} INFO - Setting next_dagrun for our_dag_with_python_operator_v07 to 2021-10-06T00:00:00+00:00, run_after=2021-10-07T00:00:00+00:00
[2022-06-06 10:57:56,431] {processor.py:161} INFO - Processing /opt/airflow/dags/create_dag_with_python_operator.py took 0.111 seconds
[2022-06-06 10:58:26,521] {processor.py:153} INFO - Started process (PID=846) to work on /opt/airflow/dags/create_dag_with_python_operator.py
[2022-06-06 10:58:26,524] {processor.py:641} INFO - Processing file /opt/airflow/dags/create_dag_with_python_operator.py for tasks to queue
[2022-06-06 10:58:26,526] {logging_mixin.py:115} INFO - [2022-06-06 10:58:26,526] {dagbag.py:507} INFO - Filling up the DagBag from /opt/airflow/dags/create_dag_with_python_operator.py
[2022-06-06 10:58:26,542] {processor.py:651} INFO - DAG(s) dict_keys(['our_dag_with_python_operator_v07']) retrieved from /opt/airflow/dags/create_dag_with_python_operator.py
[2022-06-06 10:58:26,581] {logging_mixin.py:115} INFO - [2022-06-06 10:58:26,581] {dag.py:2371} INFO - Sync 1 DAGs
[2022-06-06 10:58:26,615] {logging_mixin.py:115} INFO - [2022-06-06 10:58:26,615] {dag.py:2919} INFO - Setting next_dagrun for our_dag_with_python_operator_v07 to 2021-10-06T00:00:00+00:00, run_after=2021-10-07T00:00:00+00:00
[2022-06-06 10:58:26,638] {processor.py:161} INFO - Processing /opt/airflow/dags/create_dag_with_python_operator.py took 0.121 seconds
[2022-06-06 10:58:56,793] {processor.py:153} INFO - Started process (PID=882) to work on /opt/airflow/dags/create_dag_with_python_operator.py
[2022-06-06 10:58:56,800] {processor.py:641} INFO - Processing file /opt/airflow/dags/create_dag_with_python_operator.py for tasks to queue
[2022-06-06 10:58:56,805] {logging_mixin.py:115} INFO - [2022-06-06 10:58:56,805] {dagbag.py:507} INFO - Filling up the DagBag from /opt/airflow/dags/create_dag_with_python_operator.py
[2022-06-06 10:58:56,846] {processor.py:651} INFO - DAG(s) dict_keys(['our_dag_with_python_operator_v07']) retrieved from /opt/airflow/dags/create_dag_with_python_operator.py
[2022-06-06 10:58:56,905] {logging_mixin.py:115} INFO - [2022-06-06 10:58:56,905] {dag.py:2371} INFO - Sync 1 DAGs
[2022-06-06 10:58:56,952] {logging_mixin.py:115} INFO - [2022-06-06 10:58:56,952] {dag.py:2919} INFO - Setting next_dagrun for our_dag_with_python_operator_v07 to 2021-10-06T00:00:00+00:00, run_after=2021-10-07T00:00:00+00:00
[2022-06-06 10:58:56,971] {processor.py:161} INFO - Processing /opt/airflow/dags/create_dag_with_python_operator.py took 0.195 seconds
[2022-06-06 10:59:27,065] {processor.py:153} INFO - Started process (PID=907) to work on /opt/airflow/dags/create_dag_with_python_operator.py
[2022-06-06 10:59:27,067] {processor.py:641} INFO - Processing file /opt/airflow/dags/create_dag_with_python_operator.py for tasks to queue
[2022-06-06 10:59:27,068] {logging_mixin.py:115} INFO - [2022-06-06 10:59:27,068] {dagbag.py:507} INFO - Filling up the DagBag from /opt/airflow/dags/create_dag_with_python_operator.py
[2022-06-06 10:59:27,085] {processor.py:651} INFO - DAG(s) dict_keys(['our_dag_with_python_operator_v07']) retrieved from /opt/airflow/dags/create_dag_with_python_operator.py
[2022-06-06 10:59:27,125] {logging_mixin.py:115} INFO - [2022-06-06 10:59:27,125] {dag.py:2371} INFO - Sync 1 DAGs
[2022-06-06 10:59:27,157] {logging_mixin.py:115} INFO - [2022-06-06 10:59:27,157] {dag.py:2919} INFO - Setting next_dagrun for our_dag_with_python_operator_v07 to 2021-10-06T00:00:00+00:00, run_after=2021-10-07T00:00:00+00:00
[2022-06-06 10:59:27,177] {processor.py:161} INFO - Processing /opt/airflow/dags/create_dag_with_python_operator.py took 0.116 seconds
[2022-06-06 10:59:57,261] {processor.py:153} INFO - Started process (PID=940) to work on /opt/airflow/dags/create_dag_with_python_operator.py
[2022-06-06 10:59:57,263] {processor.py:641} INFO - Processing file /opt/airflow/dags/create_dag_with_python_operator.py for tasks to queue
[2022-06-06 10:59:57,265] {logging_mixin.py:115} INFO - [2022-06-06 10:59:57,265] {dagbag.py:507} INFO - Filling up the DagBag from /opt/airflow/dags/create_dag_with_python_operator.py
[2022-06-06 10:59:57,284] {processor.py:651} INFO - DAG(s) dict_keys(['our_dag_with_python_operator_v07']) retrieved from /opt/airflow/dags/create_dag_with_python_operator.py
[2022-06-06 10:59:57,322] {logging_mixin.py:115} INFO - [2022-06-06 10:59:57,322] {dag.py:2371} INFO - Sync 1 DAGs
[2022-06-06 10:59:57,354] {logging_mixin.py:115} INFO - [2022-06-06 10:59:57,354] {dag.py:2919} INFO - Setting next_dagrun for our_dag_with_python_operator_v07 to 2021-10-06T00:00:00+00:00, run_after=2021-10-07T00:00:00+00:00
[2022-06-06 10:59:57,372] {processor.py:161} INFO - Processing /opt/airflow/dags/create_dag_with_python_operator.py took 0.116 seconds
[2022-06-06 11:00:27,451] {processor.py:153} INFO - Started process (PID=963) to work on /opt/airflow/dags/create_dag_with_python_operator.py
[2022-06-06 11:00:27,453] {processor.py:641} INFO - Processing file /opt/airflow/dags/create_dag_with_python_operator.py for tasks to queue
[2022-06-06 11:00:27,455] {logging_mixin.py:115} INFO - [2022-06-06 11:00:27,455] {dagbag.py:507} INFO - Filling up the DagBag from /opt/airflow/dags/create_dag_with_python_operator.py
[2022-06-06 11:00:27,477] {processor.py:651} INFO - DAG(s) dict_keys(['our_dag_with_python_operator_v07']) retrieved from /opt/airflow/dags/create_dag_with_python_operator.py
[2022-06-06 11:00:27,520] {logging_mixin.py:115} INFO - [2022-06-06 11:00:27,520] {dag.py:2371} INFO - Sync 1 DAGs
[2022-06-06 11:00:27,556] {logging_mixin.py:115} INFO - [2022-06-06 11:00:27,556] {dag.py:2919} INFO - Setting next_dagrun for our_dag_with_python_operator_v07 to 2021-10-06T00:00:00+00:00, run_after=2021-10-07T00:00:00+00:00
[2022-06-06 11:00:27,574] {processor.py:161} INFO - Processing /opt/airflow/dags/create_dag_with_python_operator.py took 0.131 seconds
[2022-06-06 11:03:07,398] {processor.py:153} INFO - Started process (PID=179) to work on /opt/airflow/dags/create_dag_with_python_operator.py
[2022-06-06 11:03:07,400] {processor.py:641} INFO - Processing file /opt/airflow/dags/create_dag_with_python_operator.py for tasks to queue
[2022-06-06 11:03:07,402] {logging_mixin.py:115} INFO - [2022-06-06 11:03:07,402] {dagbag.py:507} INFO - Filling up the DagBag from /opt/airflow/dags/create_dag_with_python_operator.py
[2022-06-06 11:03:07,424] {processor.py:651} INFO - DAG(s) dict_keys(['our_dag_with_python_operator_v07']) retrieved from /opt/airflow/dags/create_dag_with_python_operator.py
[2022-06-06 11:03:07,524] {logging_mixin.py:115} INFO - [2022-06-06 11:03:07,523] {dag.py:2371} INFO - Sync 1 DAGs
[2022-06-06 11:03:07,550] {logging_mixin.py:115} INFO - [2022-06-06 11:03:07,550] {dag.py:2919} INFO - Setting next_dagrun for our_dag_with_python_operator_v07 to 2021-10-06T00:00:00+00:00, run_after=2021-10-07T00:00:00+00:00
[2022-06-06 11:03:07,570] {processor.py:161} INFO - Processing /opt/airflow/dags/create_dag_with_python_operator.py took 0.178 seconds
[2022-06-06 11:03:37,637] {processor.py:153} INFO - Started process (PID=212) to work on /opt/airflow/dags/create_dag_with_python_operator.py
[2022-06-06 11:03:37,639] {processor.py:641} INFO - Processing file /opt/airflow/dags/create_dag_with_python_operator.py for tasks to queue
[2022-06-06 11:03:37,640] {logging_mixin.py:115} INFO - [2022-06-06 11:03:37,640] {dagbag.py:507} INFO - Filling up the DagBag from /opt/airflow/dags/create_dag_with_python_operator.py
[2022-06-06 11:03:37,654] {processor.py:651} INFO - DAG(s) dict_keys(['our_dag_with_python_operator_v07']) retrieved from /opt/airflow/dags/create_dag_with_python_operator.py
[2022-06-06 11:03:37,692] {logging_mixin.py:115} INFO - [2022-06-06 11:03:37,692] {dag.py:2371} INFO - Sync 1 DAGs
[2022-06-06 11:03:37,728] {logging_mixin.py:115} INFO - [2022-06-06 11:03:37,728] {dag.py:2919} INFO - Setting next_dagrun for our_dag_with_python_operator_v07 to 2021-10-06T00:00:00+00:00, run_after=2021-10-07T00:00:00+00:00
[2022-06-06 11:03:37,742] {processor.py:161} INFO - Processing /opt/airflow/dags/create_dag_with_python_operator.py took 0.110 seconds
[2022-06-06 11:04:07,790] {processor.py:153} INFO - Started process (PID=252) to work on /opt/airflow/dags/create_dag_with_python_operator.py
[2022-06-06 11:04:07,792] {processor.py:641} INFO - Processing file /opt/airflow/dags/create_dag_with_python_operator.py for tasks to queue
[2022-06-06 11:04:07,793] {logging_mixin.py:115} INFO - [2022-06-06 11:04:07,793] {dagbag.py:507} INFO - Filling up the DagBag from /opt/airflow/dags/create_dag_with_python_operator.py
[2022-06-06 11:04:07,808] {processor.py:651} INFO - DAG(s) dict_keys(['our_dag_with_python_operator_v07']) retrieved from /opt/airflow/dags/create_dag_with_python_operator.py
[2022-06-06 11:04:07,847] {logging_mixin.py:115} INFO - [2022-06-06 11:04:07,847] {dag.py:2371} INFO - Sync 1 DAGs
[2022-06-06 11:04:07,881] {logging_mixin.py:115} INFO - [2022-06-06 11:04:07,881] {dag.py:2919} INFO - Setting next_dagrun for our_dag_with_python_operator_v07 to 2021-10-06T00:00:00+00:00, run_after=2021-10-07T00:00:00+00:00
[2022-06-06 11:04:07,895] {processor.py:161} INFO - Processing /opt/airflow/dags/create_dag_with_python_operator.py took 0.112 seconds
[2022-06-06 11:04:37,948] {processor.py:153} INFO - Started process (PID=281) to work on /opt/airflow/dags/create_dag_with_python_operator.py
[2022-06-06 11:04:37,950] {processor.py:641} INFO - Processing file /opt/airflow/dags/create_dag_with_python_operator.py for tasks to queue
[2022-06-06 11:04:37,951] {logging_mixin.py:115} INFO - [2022-06-06 11:04:37,951] {dagbag.py:507} INFO - Filling up the DagBag from /opt/airflow/dags/create_dag_with_python_operator.py
[2022-06-06 11:04:37,970] {processor.py:651} INFO - DAG(s) dict_keys(['our_dag_with_python_operator_v07']) retrieved from /opt/airflow/dags/create_dag_with_python_operator.py
[2022-06-06 11:04:38,006] {logging_mixin.py:115} INFO - [2022-06-06 11:04:38,006] {dag.py:2371} INFO - Sync 1 DAGs
[2022-06-06 11:04:38,042] {logging_mixin.py:115} INFO - [2022-06-06 11:04:38,042] {dag.py:2919} INFO - Setting next_dagrun for our_dag_with_python_operator_v07 to 2021-10-06T00:00:00+00:00, run_after=2021-10-07T00:00:00+00:00
[2022-06-06 11:04:38,055] {processor.py:161} INFO - Processing /opt/airflow/dags/create_dag_with_python_operator.py took 0.114 seconds
[2022-06-06 11:05:08,108] {processor.py:153} INFO - Started process (PID=320) to work on /opt/airflow/dags/create_dag_with_python_operator.py
[2022-06-06 11:05:08,109] {processor.py:641} INFO - Processing file /opt/airflow/dags/create_dag_with_python_operator.py for tasks to queue
[2022-06-06 11:05:08,111] {logging_mixin.py:115} INFO - [2022-06-06 11:05:08,111] {dagbag.py:507} INFO - Filling up the DagBag from /opt/airflow/dags/create_dag_with_python_operator.py
[2022-06-06 11:05:08,127] {processor.py:651} INFO - DAG(s) dict_keys(['our_dag_with_python_operator_v07']) retrieved from /opt/airflow/dags/create_dag_with_python_operator.py
[2022-06-06 11:05:08,163] {logging_mixin.py:115} INFO - [2022-06-06 11:05:08,162] {dag.py:2371} INFO - Sync 1 DAGs
[2022-06-06 11:05:08,197] {logging_mixin.py:115} INFO - [2022-06-06 11:05:08,197] {dag.py:2919} INFO - Setting next_dagrun for our_dag_with_python_operator_v07 to 2021-10-06T00:00:00+00:00, run_after=2021-10-07T00:00:00+00:00
[2022-06-06 11:05:08,212] {processor.py:161} INFO - Processing /opt/airflow/dags/create_dag_with_python_operator.py took 0.109 seconds
[2022-06-06 11:05:38,290] {processor.py:153} INFO - Started process (PID=360) to work on /opt/airflow/dags/create_dag_with_python_operator.py
[2022-06-06 11:05:38,291] {processor.py:641} INFO - Processing file /opt/airflow/dags/create_dag_with_python_operator.py for tasks to queue
[2022-06-06 11:05:38,293] {logging_mixin.py:115} INFO - [2022-06-06 11:05:38,293] {dagbag.py:507} INFO - Filling up the DagBag from /opt/airflow/dags/create_dag_with_python_operator.py
[2022-06-06 11:05:38,309] {processor.py:651} INFO - DAG(s) dict_keys(['our_dag_with_python_operator_v07']) retrieved from /opt/airflow/dags/create_dag_with_python_operator.py
[2022-06-06 11:05:38,347] {logging_mixin.py:115} INFO - [2022-06-06 11:05:38,347] {dag.py:2371} INFO - Sync 1 DAGs
[2022-06-06 11:05:38,387] {logging_mixin.py:115} INFO - [2022-06-06 11:05:38,386] {dag.py:2919} INFO - Setting next_dagrun for our_dag_with_python_operator_v07 to 2021-10-06T00:00:00+00:00, run_after=2021-10-07T00:00:00+00:00
[2022-06-06 11:05:38,401] {processor.py:161} INFO - Processing /opt/airflow/dags/create_dag_with_python_operator.py took 0.117 seconds
[2022-06-06 11:06:08,475] {processor.py:153} INFO - Started process (PID=388) to work on /opt/airflow/dags/create_dag_with_python_operator.py
[2022-06-06 11:06:08,478] {processor.py:641} INFO - Processing file /opt/airflow/dags/create_dag_with_python_operator.py for tasks to queue
[2022-06-06 11:06:08,479] {logging_mixin.py:115} INFO - [2022-06-06 11:06:08,479] {dagbag.py:507} INFO - Filling up the DagBag from /opt/airflow/dags/create_dag_with_python_operator.py
[2022-06-06 11:06:08,495] {processor.py:651} INFO - DAG(s) dict_keys(['our_dag_with_python_operator_v07']) retrieved from /opt/airflow/dags/create_dag_with_python_operator.py
[2022-06-06 11:06:08,534] {logging_mixin.py:115} INFO - [2022-06-06 11:06:08,534] {dag.py:2371} INFO - Sync 1 DAGs
[2022-06-06 11:06:08,571] {logging_mixin.py:115} INFO - [2022-06-06 11:06:08,570] {dag.py:2919} INFO - Setting next_dagrun for our_dag_with_python_operator_v07 to 2021-10-06T00:00:00+00:00, run_after=2021-10-07T00:00:00+00:00
[2022-06-06 11:06:08,584] {processor.py:161} INFO - Processing /opt/airflow/dags/create_dag_with_python_operator.py took 0.115 seconds
[2022-06-06 11:06:39,026] {processor.py:153} INFO - Started process (PID=447) to work on /opt/airflow/dags/create_dag_with_python_operator.py
[2022-06-06 11:06:39,028] {processor.py:641} INFO - Processing file /opt/airflow/dags/create_dag_with_python_operator.py for tasks to queue
[2022-06-06 11:06:39,029] {logging_mixin.py:115} INFO - [2022-06-06 11:06:39,029] {dagbag.py:507} INFO - Filling up the DagBag from /opt/airflow/dags/create_dag_with_python_operator.py
[2022-06-06 11:06:39,047] {processor.py:651} INFO - DAG(s) dict_keys(['our_dag_with_python_operator_v07']) retrieved from /opt/airflow/dags/create_dag_with_python_operator.py
[2022-06-06 11:06:39,087] {logging_mixin.py:115} INFO - [2022-06-06 11:06:39,087] {dag.py:2371} INFO - Sync 1 DAGs
[2022-06-06 11:06:39,130] {logging_mixin.py:115} INFO - [2022-06-06 11:06:39,130] {dag.py:2919} INFO - Setting next_dagrun for our_dag_with_python_operator_v07 to 2021-10-06T00:00:00+00:00, run_after=2021-10-07T00:00:00+00:00
[2022-06-06 11:06:39,148] {processor.py:161} INFO - Processing /opt/airflow/dags/create_dag_with_python_operator.py took 0.128 seconds
[2022-06-06 11:07:09,248] {processor.py:153} INFO - Started process (PID=484) to work on /opt/airflow/dags/create_dag_with_python_operator.py
[2022-06-06 11:07:09,250] {processor.py:641} INFO - Processing file /opt/airflow/dags/create_dag_with_python_operator.py for tasks to queue
[2022-06-06 11:07:09,251] {logging_mixin.py:115} INFO - [2022-06-06 11:07:09,251] {dagbag.py:507} INFO - Filling up the DagBag from /opt/airflow/dags/create_dag_with_python_operator.py
[2022-06-06 11:07:09,266] {processor.py:651} INFO - DAG(s) dict_keys(['our_dag_with_python_operator_v07']) retrieved from /opt/airflow/dags/create_dag_with_python_operator.py
[2022-06-06 11:07:09,302] {logging_mixin.py:115} INFO - [2022-06-06 11:07:09,302] {dag.py:2371} INFO - Sync 1 DAGs
[2022-06-06 11:07:09,338] {logging_mixin.py:115} INFO - [2022-06-06 11:07:09,338] {dag.py:2919} INFO - Setting next_dagrun for our_dag_with_python_operator_v07 to 2021-10-06T00:00:00+00:00, run_after=2021-10-07T00:00:00+00:00
[2022-06-06 11:07:09,353] {processor.py:161} INFO - Processing /opt/airflow/dags/create_dag_with_python_operator.py took 0.110 seconds
[2022-06-06 11:07:39,440] {processor.py:153} INFO - Started process (PID=524) to work on /opt/airflow/dags/create_dag_with_python_operator.py
[2022-06-06 11:07:39,442] {processor.py:641} INFO - Processing file /opt/airflow/dags/create_dag_with_python_operator.py for tasks to queue
[2022-06-06 11:07:39,443] {logging_mixin.py:115} INFO - [2022-06-06 11:07:39,443] {dagbag.py:507} INFO - Filling up the DagBag from /opt/airflow/dags/create_dag_with_python_operator.py
[2022-06-06 11:07:39,457] {processor.py:651} INFO - DAG(s) dict_keys(['our_dag_with_python_operator_v07']) retrieved from /opt/airflow/dags/create_dag_with_python_operator.py
[2022-06-06 11:07:39,494] {logging_mixin.py:115} INFO - [2022-06-06 11:07:39,494] {dag.py:2371} INFO - Sync 1 DAGs
[2022-06-06 11:07:39,528] {logging_mixin.py:115} INFO - [2022-06-06 11:07:39,528] {dag.py:2919} INFO - Setting next_dagrun for our_dag_with_python_operator_v07 to 2021-10-06T00:00:00+00:00, run_after=2021-10-07T00:00:00+00:00
[2022-06-06 11:07:39,544] {processor.py:161} INFO - Processing /opt/airflow/dags/create_dag_with_python_operator.py took 0.109 seconds
[2022-06-06 11:08:09,687] {processor.py:153} INFO - Started process (PID=554) to work on /opt/airflow/dags/create_dag_with_python_operator.py
[2022-06-06 11:08:09,689] {processor.py:641} INFO - Processing file /opt/airflow/dags/create_dag_with_python_operator.py for tasks to queue
[2022-06-06 11:08:09,691] {logging_mixin.py:115} INFO - [2022-06-06 11:08:09,691] {dagbag.py:507} INFO - Filling up the DagBag from /opt/airflow/dags/create_dag_with_python_operator.py
[2022-06-06 11:08:09,713] {processor.py:651} INFO - DAG(s) dict_keys(['our_dag_with_python_operator_v07']) retrieved from /opt/airflow/dags/create_dag_with_python_operator.py
[2022-06-06 11:08:09,750] {logging_mixin.py:115} INFO - [2022-06-06 11:08:09,750] {dag.py:2371} INFO - Sync 1 DAGs
[2022-06-06 11:08:09,786] {logging_mixin.py:115} INFO - [2022-06-06 11:08:09,786] {dag.py:2919} INFO - Setting next_dagrun for our_dag_with_python_operator_v07 to 2021-10-06T00:00:00+00:00, run_after=2021-10-07T00:00:00+00:00
[2022-06-06 11:08:09,806] {processor.py:161} INFO - Processing /opt/airflow/dags/create_dag_with_python_operator.py took 0.126 seconds
[2022-06-06 11:08:39,891] {processor.py:153} INFO - Started process (PID=592) to work on /opt/airflow/dags/create_dag_with_python_operator.py
[2022-06-06 11:08:39,893] {processor.py:641} INFO - Processing file /opt/airflow/dags/create_dag_with_python_operator.py for tasks to queue
[2022-06-06 11:08:39,895] {logging_mixin.py:115} INFO - [2022-06-06 11:08:39,894] {dagbag.py:507} INFO - Filling up the DagBag from /opt/airflow/dags/create_dag_with_python_operator.py
[2022-06-06 11:08:39,915] {processor.py:651} INFO - DAG(s) dict_keys(['our_dag_with_python_operator_v07']) retrieved from /opt/airflow/dags/create_dag_with_python_operator.py
[2022-06-06 11:08:39,951] {logging_mixin.py:115} INFO - [2022-06-06 11:08:39,951] {dag.py:2371} INFO - Sync 1 DAGs
[2022-06-06 11:08:39,990] {logging_mixin.py:115} INFO - [2022-06-06 11:08:39,990] {dag.py:2919} INFO - Setting next_dagrun for our_dag_with_python_operator_v07 to 2021-10-06T00:00:00+00:00, run_after=2021-10-07T00:00:00+00:00
[2022-06-06 11:08:40,007] {processor.py:161} INFO - Processing /opt/airflow/dags/create_dag_with_python_operator.py took 0.123 seconds
[2022-06-06 11:09:10,098] {processor.py:153} INFO - Started process (PID=633) to work on /opt/airflow/dags/create_dag_with_python_operator.py
[2022-06-06 11:09:10,099] {processor.py:641} INFO - Processing file /opt/airflow/dags/create_dag_with_python_operator.py for tasks to queue
[2022-06-06 11:09:10,100] {logging_mixin.py:115} INFO - [2022-06-06 11:09:10,100] {dagbag.py:507} INFO - Filling up the DagBag from /opt/airflow/dags/create_dag_with_python_operator.py
[2022-06-06 11:09:10,115] {processor.py:651} INFO - DAG(s) dict_keys(['our_dag_with_python_operator_v07']) retrieved from /opt/airflow/dags/create_dag_with_python_operator.py
[2022-06-06 11:09:10,151] {logging_mixin.py:115} INFO - [2022-06-06 11:09:10,151] {dag.py:2371} INFO - Sync 1 DAGs
[2022-06-06 11:09:10,187] {logging_mixin.py:115} INFO - [2022-06-06 11:09:10,187] {dag.py:2919} INFO - Setting next_dagrun for our_dag_with_python_operator_v07 to 2021-10-06T00:00:00+00:00, run_after=2021-10-07T00:00:00+00:00
[2022-06-06 11:09:10,201] {processor.py:161} INFO - Processing /opt/airflow/dags/create_dag_with_python_operator.py took 0.107 seconds
[2022-06-06 11:09:40,284] {processor.py:153} INFO - Started process (PID=663) to work on /opt/airflow/dags/create_dag_with_python_operator.py
[2022-06-06 11:09:40,286] {processor.py:641} INFO - Processing file /opt/airflow/dags/create_dag_with_python_operator.py for tasks to queue
[2022-06-06 11:09:40,288] {logging_mixin.py:115} INFO - [2022-06-06 11:09:40,287] {dagbag.py:507} INFO - Filling up the DagBag from /opt/airflow/dags/create_dag_with_python_operator.py
[2022-06-06 11:09:40,306] {processor.py:651} INFO - DAG(s) dict_keys(['our_dag_with_python_operator_v07']) retrieved from /opt/airflow/dags/create_dag_with_python_operator.py
[2022-06-06 11:09:40,340] {logging_mixin.py:115} INFO - [2022-06-06 11:09:40,340] {dag.py:2371} INFO - Sync 1 DAGs
[2022-06-06 11:09:40,376] {logging_mixin.py:115} INFO - [2022-06-06 11:09:40,376] {dag.py:2919} INFO - Setting next_dagrun for our_dag_with_python_operator_v07 to 2021-10-06T00:00:00+00:00, run_after=2021-10-07T00:00:00+00:00
[2022-06-06 11:09:40,392] {processor.py:161} INFO - Processing /opt/airflow/dags/create_dag_with_python_operator.py took 0.112 seconds
[2022-06-06 11:10:10,500] {processor.py:153} INFO - Started process (PID=711) to work on /opt/airflow/dags/create_dag_with_python_operator.py
[2022-06-06 11:10:10,502] {processor.py:641} INFO - Processing file /opt/airflow/dags/create_dag_with_python_operator.py for tasks to queue
[2022-06-06 11:10:10,503] {logging_mixin.py:115} INFO - [2022-06-06 11:10:10,503] {dagbag.py:507} INFO - Filling up the DagBag from /opt/airflow/dags/create_dag_with_python_operator.py
[2022-06-06 11:10:10,519] {processor.py:651} INFO - DAG(s) dict_keys(['our_dag_with_python_operator_v07']) retrieved from /opt/airflow/dags/create_dag_with_python_operator.py
[2022-06-06 11:10:10,554] {logging_mixin.py:115} INFO - [2022-06-06 11:10:10,554] {dag.py:2371} INFO - Sync 1 DAGs
[2022-06-06 11:10:10,588] {logging_mixin.py:115} INFO - [2022-06-06 11:10:10,588] {dag.py:2919} INFO - Setting next_dagrun for our_dag_with_python_operator_v07 to 2021-10-06T00:00:00+00:00, run_after=2021-10-07T00:00:00+00:00
[2022-06-06 11:10:10,604] {processor.py:161} INFO - Processing /opt/airflow/dags/create_dag_with_python_operator.py took 0.109 seconds
[2022-06-06 11:10:40,683] {processor.py:153} INFO - Started process (PID=740) to work on /opt/airflow/dags/create_dag_with_python_operator.py
[2022-06-06 11:10:40,685] {processor.py:641} INFO - Processing file /opt/airflow/dags/create_dag_with_python_operator.py for tasks to queue
[2022-06-06 11:10:40,686] {logging_mixin.py:115} INFO - [2022-06-06 11:10:40,686] {dagbag.py:507} INFO - Filling up the DagBag from /opt/airflow/dags/create_dag_with_python_operator.py
[2022-06-06 11:10:40,702] {processor.py:651} INFO - DAG(s) dict_keys(['our_dag_with_python_operator_v07']) retrieved from /opt/airflow/dags/create_dag_with_python_operator.py
[2022-06-06 11:10:40,738] {logging_mixin.py:115} INFO - [2022-06-06 11:10:40,738] {dag.py:2371} INFO - Sync 1 DAGs
[2022-06-06 11:10:40,773] {logging_mixin.py:115} INFO - [2022-06-06 11:10:40,772] {dag.py:2919} INFO - Setting next_dagrun for our_dag_with_python_operator_v07 to 2021-10-06T00:00:00+00:00, run_after=2021-10-07T00:00:00+00:00
[2022-06-06 11:10:40,786] {processor.py:161} INFO - Processing /opt/airflow/dags/create_dag_with_python_operator.py took 0.107 seconds
[2022-06-06 11:11:10,882] {processor.py:153} INFO - Started process (PID=778) to work on /opt/airflow/dags/create_dag_with_python_operator.py
[2022-06-06 11:11:10,884] {processor.py:641} INFO - Processing file /opt/airflow/dags/create_dag_with_python_operator.py for tasks to queue
[2022-06-06 11:11:10,885] {logging_mixin.py:115} INFO - [2022-06-06 11:11:10,885] {dagbag.py:507} INFO - Filling up the DagBag from /opt/airflow/dags/create_dag_with_python_operator.py
[2022-06-06 11:11:10,901] {processor.py:651} INFO - DAG(s) dict_keys(['our_dag_with_python_operator_v07']) retrieved from /opt/airflow/dags/create_dag_with_python_operator.py
[2022-06-06 11:11:10,937] {logging_mixin.py:115} INFO - [2022-06-06 11:11:10,937] {dag.py:2371} INFO - Sync 1 DAGs
[2022-06-06 11:11:10,985] {logging_mixin.py:115} INFO - [2022-06-06 11:11:10,984] {dag.py:2919} INFO - Setting next_dagrun for our_dag_with_python_operator_v07 to 2021-10-06T00:00:00+00:00, run_after=2021-10-07T00:00:00+00:00
[2022-06-06 11:11:10,999] {processor.py:161} INFO - Processing /opt/airflow/dags/create_dag_with_python_operator.py took 0.121 seconds
[2022-06-06 11:11:41,086] {processor.py:153} INFO - Started process (PID=807) to work on /opt/airflow/dags/create_dag_with_python_operator.py
[2022-06-06 11:11:41,088] {processor.py:641} INFO - Processing file /opt/airflow/dags/create_dag_with_python_operator.py for tasks to queue
[2022-06-06 11:11:41,089] {logging_mixin.py:115} INFO - [2022-06-06 11:11:41,089] {dagbag.py:507} INFO - Filling up the DagBag from /opt/airflow/dags/create_dag_with_python_operator.py
[2022-06-06 11:11:41,104] {processor.py:651} INFO - DAG(s) dict_keys(['our_dag_with_python_operator_v07']) retrieved from /opt/airflow/dags/create_dag_with_python_operator.py
[2022-06-06 11:11:41,139] {logging_mixin.py:115} INFO - [2022-06-06 11:11:41,139] {dag.py:2371} INFO - Sync 1 DAGs
[2022-06-06 11:11:41,179] {logging_mixin.py:115} INFO - [2022-06-06 11:11:41,179] {dag.py:2919} INFO - Setting next_dagrun for our_dag_with_python_operator_v07 to 2021-10-06T00:00:00+00:00, run_after=2021-10-07T00:00:00+00:00
[2022-06-06 11:11:41,197] {processor.py:161} INFO - Processing /opt/airflow/dags/create_dag_with_python_operator.py took 0.115 seconds
[2022-06-06 11:12:11,287] {processor.py:153} INFO - Started process (PID=846) to work on /opt/airflow/dags/create_dag_with_python_operator.py
[2022-06-06 11:12:11,288] {processor.py:641} INFO - Processing file /opt/airflow/dags/create_dag_with_python_operator.py for tasks to queue
[2022-06-06 11:12:11,290] {logging_mixin.py:115} INFO - [2022-06-06 11:12:11,290] {dagbag.py:507} INFO - Filling up the DagBag from /opt/airflow/dags/create_dag_with_python_operator.py
[2022-06-06 11:12:11,306] {processor.py:651} INFO - DAG(s) dict_keys(['our_dag_with_python_operator_v07']) retrieved from /opt/airflow/dags/create_dag_with_python_operator.py
[2022-06-06 11:12:11,345] {logging_mixin.py:115} INFO - [2022-06-06 11:12:11,345] {dag.py:2371} INFO - Sync 1 DAGs
[2022-06-06 11:12:11,381] {logging_mixin.py:115} INFO - [2022-06-06 11:12:11,380] {dag.py:2919} INFO - Setting next_dagrun for our_dag_with_python_operator_v07 to 2021-10-06T00:00:00+00:00, run_after=2021-10-07T00:00:00+00:00
[2022-06-06 11:12:11,395] {processor.py:161} INFO - Processing /opt/airflow/dags/create_dag_with_python_operator.py took 0.112 seconds
[2022-06-06 11:12:41,478] {processor.py:153} INFO - Started process (PID=885) to work on /opt/airflow/dags/create_dag_with_python_operator.py
[2022-06-06 11:12:41,479] {processor.py:641} INFO - Processing file /opt/airflow/dags/create_dag_with_python_operator.py for tasks to queue
[2022-06-06 11:12:41,481] {logging_mixin.py:115} INFO - [2022-06-06 11:12:41,481] {dagbag.py:507} INFO - Filling up the DagBag from /opt/airflow/dags/create_dag_with_python_operator.py
[2022-06-06 11:12:41,497] {processor.py:651} INFO - DAG(s) dict_keys(['our_dag_with_python_operator_v07']) retrieved from /opt/airflow/dags/create_dag_with_python_operator.py
[2022-06-06 11:12:41,539] {logging_mixin.py:115} INFO - [2022-06-06 11:12:41,539] {dag.py:2371} INFO - Sync 1 DAGs
[2022-06-06 11:12:41,585] {logging_mixin.py:115} INFO - [2022-06-06 11:12:41,585] {dag.py:2919} INFO - Setting next_dagrun for our_dag_with_python_operator_v07 to 2021-10-06T00:00:00+00:00, run_after=2021-10-07T00:00:00+00:00
[2022-06-06 11:12:41,599] {processor.py:161} INFO - Processing /opt/airflow/dags/create_dag_with_python_operator.py took 0.128 seconds
[2022-06-06 11:13:11,745] {processor.py:153} INFO - Started process (PID=914) to work on /opt/airflow/dags/create_dag_with_python_operator.py
[2022-06-06 11:13:11,747] {processor.py:641} INFO - Processing file /opt/airflow/dags/create_dag_with_python_operator.py for tasks to queue
[2022-06-06 11:13:11,748] {logging_mixin.py:115} INFO - [2022-06-06 11:13:11,748] {dagbag.py:507} INFO - Filling up the DagBag from /opt/airflow/dags/create_dag_with_python_operator.py
[2022-06-06 11:13:11,766] {processor.py:651} INFO - DAG(s) dict_keys(['our_dag_with_python_operator_v07']) retrieved from /opt/airflow/dags/create_dag_with_python_operator.py
[2022-06-06 11:13:11,808] {logging_mixin.py:115} INFO - [2022-06-06 11:13:11,807] {dag.py:2371} INFO - Sync 1 DAGs
[2022-06-06 11:13:11,850] {logging_mixin.py:115} INFO - [2022-06-06 11:13:11,850] {dag.py:2919} INFO - Setting next_dagrun for our_dag_with_python_operator_v07 to 2021-10-06T00:00:00+00:00, run_after=2021-10-07T00:00:00+00:00
[2022-06-06 11:13:11,866] {processor.py:161} INFO - Processing /opt/airflow/dags/create_dag_with_python_operator.py took 0.126 seconds
[2022-06-06 11:13:42,146] {processor.py:153} INFO - Started process (PID=957) to work on /opt/airflow/dags/create_dag_with_python_operator.py
[2022-06-06 11:13:42,147] {processor.py:641} INFO - Processing file /opt/airflow/dags/create_dag_with_python_operator.py for tasks to queue
[2022-06-06 11:13:42,150] {logging_mixin.py:115} INFO - [2022-06-06 11:13:42,149] {dagbag.py:507} INFO - Filling up the DagBag from /opt/airflow/dags/create_dag_with_python_operator.py
[2022-06-06 11:13:42,168] {processor.py:651} INFO - DAG(s) dict_keys(['our_dag_with_python_operator_v07']) retrieved from /opt/airflow/dags/create_dag_with_python_operator.py
[2022-06-06 11:13:42,212] {logging_mixin.py:115} INFO - [2022-06-06 11:13:42,212] {dag.py:2371} INFO - Sync 1 DAGs
[2022-06-06 11:13:42,253] {logging_mixin.py:115} INFO - [2022-06-06 11:13:42,253] {dag.py:2919} INFO - Setting next_dagrun for our_dag_with_python_operator_v07 to 2021-10-06T00:00:00+00:00, run_after=2021-10-07T00:00:00+00:00
[2022-06-06 11:13:42,267] {processor.py:161} INFO - Processing /opt/airflow/dags/create_dag_with_python_operator.py took 0.127 seconds
[2022-06-06 11:14:12,359] {processor.py:153} INFO - Started process (PID=987) to work on /opt/airflow/dags/create_dag_with_python_operator.py
[2022-06-06 11:14:12,360] {processor.py:641} INFO - Processing file /opt/airflow/dags/create_dag_with_python_operator.py for tasks to queue
[2022-06-06 11:14:12,362] {logging_mixin.py:115} INFO - [2022-06-06 11:14:12,362] {dagbag.py:507} INFO - Filling up the DagBag from /opt/airflow/dags/create_dag_with_python_operator.py
[2022-06-06 11:14:12,378] {processor.py:651} INFO - DAG(s) dict_keys(['our_dag_with_python_operator_v07']) retrieved from /opt/airflow/dags/create_dag_with_python_operator.py
[2022-06-06 11:14:12,418] {logging_mixin.py:115} INFO - [2022-06-06 11:14:12,418] {dag.py:2371} INFO - Sync 1 DAGs
[2022-06-06 11:14:12,454] {logging_mixin.py:115} INFO - [2022-06-06 11:14:12,454] {dag.py:2919} INFO - Setting next_dagrun for our_dag_with_python_operator_v07 to 2021-10-06T00:00:00+00:00, run_after=2021-10-07T00:00:00+00:00
[2022-06-06 11:14:12,479] {processor.py:161} INFO - Processing /opt/airflow/dags/create_dag_with_python_operator.py took 0.125 seconds
[2022-06-06 11:14:42,600] {processor.py:153} INFO - Started process (PID=1027) to work on /opt/airflow/dags/create_dag_with_python_operator.py
[2022-06-06 11:14:42,602] {processor.py:641} INFO - Processing file /opt/airflow/dags/create_dag_with_python_operator.py for tasks to queue
[2022-06-06 11:14:42,604] {logging_mixin.py:115} INFO - [2022-06-06 11:14:42,604] {dagbag.py:507} INFO - Filling up the DagBag from /opt/airflow/dags/create_dag_with_python_operator.py
[2022-06-06 11:14:42,628] {processor.py:651} INFO - DAG(s) dict_keys(['our_dag_with_python_operator_v07']) retrieved from /opt/airflow/dags/create_dag_with_python_operator.py
[2022-06-06 11:14:42,670] {logging_mixin.py:115} INFO - [2022-06-06 11:14:42,670] {dag.py:2371} INFO - Sync 1 DAGs
[2022-06-06 11:14:42,710] {logging_mixin.py:115} INFO - [2022-06-06 11:14:42,710] {dag.py:2919} INFO - Setting next_dagrun for our_dag_with_python_operator_v07 to 2021-10-06T00:00:00+00:00, run_after=2021-10-07T00:00:00+00:00
[2022-06-06 11:14:42,729] {processor.py:161} INFO - Processing /opt/airflow/dags/create_dag_with_python_operator.py took 0.134 seconds
[2022-06-06 11:15:12,836] {processor.py:153} INFO - Started process (PID=1057) to work on /opt/airflow/dags/create_dag_with_python_operator.py
[2022-06-06 11:15:12,839] {processor.py:641} INFO - Processing file /opt/airflow/dags/create_dag_with_python_operator.py for tasks to queue
[2022-06-06 11:15:12,840] {logging_mixin.py:115} INFO - [2022-06-06 11:15:12,840] {dagbag.py:507} INFO - Filling up the DagBag from /opt/airflow/dags/create_dag_with_python_operator.py
[2022-06-06 11:15:12,856] {processor.py:651} INFO - DAG(s) dict_keys(['our_dag_with_python_operator_v07']) retrieved from /opt/airflow/dags/create_dag_with_python_operator.py
[2022-06-06 11:15:12,891] {logging_mixin.py:115} INFO - [2022-06-06 11:15:12,891] {dag.py:2371} INFO - Sync 1 DAGs
[2022-06-06 11:15:12,927] {logging_mixin.py:115} INFO - [2022-06-06 11:15:12,927] {dag.py:2919} INFO - Setting next_dagrun for our_dag_with_python_operator_v07 to 2021-10-06T00:00:00+00:00, run_after=2021-10-07T00:00:00+00:00
[2022-06-06 11:15:12,942] {processor.py:161} INFO - Processing /opt/airflow/dags/create_dag_with_python_operator.py took 0.111 seconds
[2022-06-06 11:15:43,038] {processor.py:153} INFO - Started process (PID=1097) to work on /opt/airflow/dags/create_dag_with_python_operator.py
[2022-06-06 11:15:43,039] {processor.py:641} INFO - Processing file /opt/airflow/dags/create_dag_with_python_operator.py for tasks to queue
[2022-06-06 11:15:43,041] {logging_mixin.py:115} INFO - [2022-06-06 11:15:43,040] {dagbag.py:507} INFO - Filling up the DagBag from /opt/airflow/dags/create_dag_with_python_operator.py
[2022-06-06 11:15:43,056] {processor.py:651} INFO - DAG(s) dict_keys(['our_dag_with_python_operator_v07']) retrieved from /opt/airflow/dags/create_dag_with_python_operator.py
[2022-06-06 11:15:43,092] {logging_mixin.py:115} INFO - [2022-06-06 11:15:43,092] {dag.py:2371} INFO - Sync 1 DAGs
[2022-06-06 11:15:43,131] {logging_mixin.py:115} INFO - [2022-06-06 11:15:43,131] {dag.py:2919} INFO - Setting next_dagrun for our_dag_with_python_operator_v07 to 2021-10-06T00:00:00+00:00, run_after=2021-10-07T00:00:00+00:00
[2022-06-06 11:15:43,145] {processor.py:161} INFO - Processing /opt/airflow/dags/create_dag_with_python_operator.py took 0.112 seconds
[2022-06-06 11:16:13,243] {processor.py:153} INFO - Started process (PID=1126) to work on /opt/airflow/dags/create_dag_with_python_operator.py
[2022-06-06 11:16:13,244] {processor.py:641} INFO - Processing file /opt/airflow/dags/create_dag_with_python_operator.py for tasks to queue
[2022-06-06 11:16:13,246] {logging_mixin.py:115} INFO - [2022-06-06 11:16:13,245] {dagbag.py:507} INFO - Filling up the DagBag from /opt/airflow/dags/create_dag_with_python_operator.py
[2022-06-06 11:16:13,261] {processor.py:651} INFO - DAG(s) dict_keys(['our_dag_with_python_operator_v07']) retrieved from /opt/airflow/dags/create_dag_with_python_operator.py
[2022-06-06 11:16:13,298] {logging_mixin.py:115} INFO - [2022-06-06 11:16:13,297] {dag.py:2371} INFO - Sync 1 DAGs
[2022-06-06 11:16:13,334] {logging_mixin.py:115} INFO - [2022-06-06 11:16:13,334] {dag.py:2919} INFO - Setting next_dagrun for our_dag_with_python_operator_v07 to 2021-10-06T00:00:00+00:00, run_after=2021-10-07T00:00:00+00:00
[2022-06-06 11:16:13,348] {processor.py:161} INFO - Processing /opt/airflow/dags/create_dag_with_python_operator.py took 0.109 seconds
[2022-06-06 11:16:43,444] {processor.py:153} INFO - Started process (PID=1166) to work on /opt/airflow/dags/create_dag_with_python_operator.py
[2022-06-06 11:16:43,446] {processor.py:641} INFO - Processing file /opt/airflow/dags/create_dag_with_python_operator.py for tasks to queue
[2022-06-06 11:16:43,447] {logging_mixin.py:115} INFO - [2022-06-06 11:16:43,447] {dagbag.py:507} INFO - Filling up the DagBag from /opt/airflow/dags/create_dag_with_python_operator.py
[2022-06-06 11:16:43,465] {processor.py:651} INFO - DAG(s) dict_keys(['our_dag_with_python_operator_v07']) retrieved from /opt/airflow/dags/create_dag_with_python_operator.py
[2022-06-06 11:16:43,504] {logging_mixin.py:115} INFO - [2022-06-06 11:16:43,504] {dag.py:2371} INFO - Sync 1 DAGs
[2022-06-06 11:16:43,542] {logging_mixin.py:115} INFO - [2022-06-06 11:16:43,541] {dag.py:2919} INFO - Setting next_dagrun for our_dag_with_python_operator_v07 to 2021-10-06T00:00:00+00:00, run_after=2021-10-07T00:00:00+00:00
[2022-06-06 11:16:43,555] {processor.py:161} INFO - Processing /opt/airflow/dags/create_dag_with_python_operator.py took 0.119 seconds
[2022-06-06 11:17:13,672] {processor.py:153} INFO - Started process (PID=1207) to work on /opt/airflow/dags/create_dag_with_python_operator.py
[2022-06-06 11:17:13,674] {processor.py:641} INFO - Processing file /opt/airflow/dags/create_dag_with_python_operator.py for tasks to queue
[2022-06-06 11:17:13,676] {logging_mixin.py:115} INFO - [2022-06-06 11:17:13,676] {dagbag.py:507} INFO - Filling up the DagBag from /opt/airflow/dags/create_dag_with_python_operator.py
[2022-06-06 11:17:13,697] {processor.py:651} INFO - DAG(s) dict_keys(['our_dag_with_python_operator_v07']) retrieved from /opt/airflow/dags/create_dag_with_python_operator.py
[2022-06-06 11:17:13,738] {logging_mixin.py:115} INFO - [2022-06-06 11:17:13,738] {dag.py:2371} INFO - Sync 1 DAGs
[2022-06-06 11:17:13,776] {logging_mixin.py:115} INFO - [2022-06-06 11:17:13,776] {dag.py:2919} INFO - Setting next_dagrun for our_dag_with_python_operator_v07 to 2021-10-06T00:00:00+00:00, run_after=2021-10-07T00:00:00+00:00
[2022-06-06 11:17:13,793] {processor.py:161} INFO - Processing /opt/airflow/dags/create_dag_with_python_operator.py took 0.128 seconds
[2022-06-06 11:17:43,895] {processor.py:153} INFO - Started process (PID=1236) to work on /opt/airflow/dags/create_dag_with_python_operator.py
[2022-06-06 11:17:43,896] {processor.py:641} INFO - Processing file /opt/airflow/dags/create_dag_with_python_operator.py for tasks to queue
[2022-06-06 11:17:43,898] {logging_mixin.py:115} INFO - [2022-06-06 11:17:43,897] {dagbag.py:507} INFO - Filling up the DagBag from /opt/airflow/dags/create_dag_with_python_operator.py
[2022-06-06 11:17:43,916] {processor.py:651} INFO - DAG(s) dict_keys(['our_dag_with_python_operator_v07']) retrieved from /opt/airflow/dags/create_dag_with_python_operator.py
[2022-06-06 11:17:43,954] {logging_mixin.py:115} INFO - [2022-06-06 11:17:43,954] {dag.py:2371} INFO - Sync 1 DAGs
[2022-06-06 11:17:43,999] {logging_mixin.py:115} INFO - [2022-06-06 11:17:43,999] {dag.py:2919} INFO - Setting next_dagrun for our_dag_with_python_operator_v07 to 2021-10-06T00:00:00+00:00, run_after=2021-10-07T00:00:00+00:00
[2022-06-06 11:17:44,019] {processor.py:161} INFO - Processing /opt/airflow/dags/create_dag_with_python_operator.py took 0.129 seconds
[2022-06-06 11:18:14,171] {processor.py:153} INFO - Started process (PID=1275) to work on /opt/airflow/dags/create_dag_with_python_operator.py
[2022-06-06 11:18:14,172] {processor.py:641} INFO - Processing file /opt/airflow/dags/create_dag_with_python_operator.py for tasks to queue
[2022-06-06 11:18:14,173] {logging_mixin.py:115} INFO - [2022-06-06 11:18:14,173] {dagbag.py:507} INFO - Filling up the DagBag from /opt/airflow/dags/create_dag_with_python_operator.py
[2022-06-06 11:18:14,188] {processor.py:651} INFO - DAG(s) dict_keys(['our_dag_with_python_operator_v07']) retrieved from /opt/airflow/dags/create_dag_with_python_operator.py
[2022-06-06 11:18:14,225] {logging_mixin.py:115} INFO - [2022-06-06 11:18:14,224] {dag.py:2371} INFO - Sync 1 DAGs
[2022-06-06 11:18:14,259] {logging_mixin.py:115} INFO - [2022-06-06 11:18:14,258] {dag.py:2919} INFO - Setting next_dagrun for our_dag_with_python_operator_v07 to 2021-10-06T00:00:00+00:00, run_after=2021-10-07T00:00:00+00:00
[2022-06-06 11:18:14,271] {processor.py:161} INFO - Processing /opt/airflow/dags/create_dag_with_python_operator.py took 0.105 seconds
[2022-06-06 11:18:44,370] {processor.py:153} INFO - Started process (PID=1304) to work on /opt/airflow/dags/create_dag_with_python_operator.py
[2022-06-06 11:18:44,372] {processor.py:641} INFO - Processing file /opt/airflow/dags/create_dag_with_python_operator.py for tasks to queue
[2022-06-06 11:18:44,373] {logging_mixin.py:115} INFO - [2022-06-06 11:18:44,373] {dagbag.py:507} INFO - Filling up the DagBag from /opt/airflow/dags/create_dag_with_python_operator.py
[2022-06-06 11:18:44,389] {processor.py:651} INFO - DAG(s) dict_keys(['our_dag_with_python_operator_v07']) retrieved from /opt/airflow/dags/create_dag_with_python_operator.py
[2022-06-06 11:18:44,433] {logging_mixin.py:115} INFO - [2022-06-06 11:18:44,433] {dag.py:2371} INFO - Sync 1 DAGs
[2022-06-06 11:18:44,468] {logging_mixin.py:115} INFO - [2022-06-06 11:18:44,468] {dag.py:2919} INFO - Setting next_dagrun for our_dag_with_python_operator_v07 to 2021-10-06T00:00:00+00:00, run_after=2021-10-07T00:00:00+00:00
[2022-06-06 11:18:44,483] {processor.py:161} INFO - Processing /opt/airflow/dags/create_dag_with_python_operator.py took 0.117 seconds
[2022-06-06 11:19:14,602] {processor.py:153} INFO - Started process (PID=1344) to work on /opt/airflow/dags/create_dag_with_python_operator.py
[2022-06-06 11:19:14,603] {processor.py:641} INFO - Processing file /opt/airflow/dags/create_dag_with_python_operator.py for tasks to queue
[2022-06-06 11:19:14,604] {logging_mixin.py:115} INFO - [2022-06-06 11:19:14,604] {dagbag.py:507} INFO - Filling up the DagBag from /opt/airflow/dags/create_dag_with_python_operator.py
[2022-06-06 11:19:14,622] {processor.py:651} INFO - DAG(s) dict_keys(['our_dag_with_python_operator_v07']) retrieved from /opt/airflow/dags/create_dag_with_python_operator.py
[2022-06-06 11:19:14,659] {logging_mixin.py:115} INFO - [2022-06-06 11:19:14,658] {dag.py:2371} INFO - Sync 1 DAGs
[2022-06-06 11:19:14,696] {logging_mixin.py:115} INFO - [2022-06-06 11:19:14,696] {dag.py:2919} INFO - Setting next_dagrun for our_dag_with_python_operator_v07 to 2021-10-06T00:00:00+00:00, run_after=2021-10-07T00:00:00+00:00
[2022-06-06 11:19:14,711] {processor.py:161} INFO - Processing /opt/airflow/dags/create_dag_with_python_operator.py took 0.114 seconds
[2022-06-06 11:19:44,819] {processor.py:153} INFO - Started process (PID=1373) to work on /opt/airflow/dags/create_dag_with_python_operator.py
[2022-06-06 11:19:44,821] {processor.py:641} INFO - Processing file /opt/airflow/dags/create_dag_with_python_operator.py for tasks to queue
[2022-06-06 11:19:44,822] {logging_mixin.py:115} INFO - [2022-06-06 11:19:44,822] {dagbag.py:507} INFO - Filling up the DagBag from /opt/airflow/dags/create_dag_with_python_operator.py
[2022-06-06 11:19:44,838] {processor.py:651} INFO - DAG(s) dict_keys(['our_dag_with_python_operator_v07']) retrieved from /opt/airflow/dags/create_dag_with_python_operator.py
[2022-06-06 11:19:44,874] {logging_mixin.py:115} INFO - [2022-06-06 11:19:44,874] {dag.py:2371} INFO - Sync 1 DAGs
[2022-06-06 11:19:44,910] {logging_mixin.py:115} INFO - [2022-06-06 11:19:44,910] {dag.py:2919} INFO - Setting next_dagrun for our_dag_with_python_operator_v07 to 2021-10-06T00:00:00+00:00, run_after=2021-10-07T00:00:00+00:00
[2022-06-06 11:19:44,923] {processor.py:161} INFO - Processing /opt/airflow/dags/create_dag_with_python_operator.py took 0.109 seconds
[2022-06-06 11:20:15,046] {processor.py:153} INFO - Started process (PID=1414) to work on /opt/airflow/dags/create_dag_with_python_operator.py
[2022-06-06 11:20:15,048] {processor.py:641} INFO - Processing file /opt/airflow/dags/create_dag_with_python_operator.py for tasks to queue
[2022-06-06 11:20:15,049] {logging_mixin.py:115} INFO - [2022-06-06 11:20:15,049] {dagbag.py:507} INFO - Filling up the DagBag from /opt/airflow/dags/create_dag_with_python_operator.py
[2022-06-06 11:20:15,065] {processor.py:651} INFO - DAG(s) dict_keys(['our_dag_with_python_operator_v07']) retrieved from /opt/airflow/dags/create_dag_with_python_operator.py
[2022-06-06 11:20:15,101] {logging_mixin.py:115} INFO - [2022-06-06 11:20:15,100] {dag.py:2371} INFO - Sync 1 DAGs
[2022-06-06 11:20:15,136] {logging_mixin.py:115} INFO - [2022-06-06 11:20:15,136] {dag.py:2919} INFO - Setting next_dagrun for our_dag_with_python_operator_v07 to 2021-10-06T00:00:00+00:00, run_after=2021-10-07T00:00:00+00:00
[2022-06-06 11:20:15,151] {processor.py:161} INFO - Processing /opt/airflow/dags/create_dag_with_python_operator.py took 0.109 seconds
[2022-06-06 11:20:45,278] {processor.py:153} INFO - Started process (PID=1455) to work on /opt/airflow/dags/create_dag_with_python_operator.py
[2022-06-06 11:20:45,279] {processor.py:641} INFO - Processing file /opt/airflow/dags/create_dag_with_python_operator.py for tasks to queue
[2022-06-06 11:20:45,281] {logging_mixin.py:115} INFO - [2022-06-06 11:20:45,281] {dagbag.py:507} INFO - Filling up the DagBag from /opt/airflow/dags/create_dag_with_python_operator.py
[2022-06-06 11:20:45,299] {processor.py:651} INFO - DAG(s) dict_keys(['our_dag_with_python_operator_v07']) retrieved from /opt/airflow/dags/create_dag_with_python_operator.py
[2022-06-06 11:20:45,336] {logging_mixin.py:115} INFO - [2022-06-06 11:20:45,336] {dag.py:2371} INFO - Sync 1 DAGs
[2022-06-06 11:20:45,374] {logging_mixin.py:115} INFO - [2022-06-06 11:20:45,374] {dag.py:2919} INFO - Setting next_dagrun for our_dag_with_python_operator_v07 to 2021-10-06T00:00:00+00:00, run_after=2021-10-07T00:00:00+00:00
[2022-06-06 11:20:45,388] {processor.py:161} INFO - Processing /opt/airflow/dags/create_dag_with_python_operator.py took 0.114 seconds
[2022-06-06 11:21:15,525] {processor.py:153} INFO - Started process (PID=1485) to work on /opt/airflow/dags/create_dag_with_python_operator.py
[2022-06-06 11:21:15,527] {processor.py:641} INFO - Processing file /opt/airflow/dags/create_dag_with_python_operator.py for tasks to queue
[2022-06-06 11:21:15,529] {logging_mixin.py:115} INFO - [2022-06-06 11:21:15,529] {dagbag.py:507} INFO - Filling up the DagBag from /opt/airflow/dags/create_dag_with_python_operator.py
[2022-06-06 11:21:15,546] {processor.py:651} INFO - DAG(s) dict_keys(['our_dag_with_python_operator_v07']) retrieved from /opt/airflow/dags/create_dag_with_python_operator.py
[2022-06-06 11:21:15,588] {logging_mixin.py:115} INFO - [2022-06-06 11:21:15,588] {dag.py:2371} INFO - Sync 1 DAGs
[2022-06-06 11:21:15,626] {logging_mixin.py:115} INFO - [2022-06-06 11:21:15,626] {dag.py:2919} INFO - Setting next_dagrun for our_dag_with_python_operator_v07 to 2021-10-06T00:00:00+00:00, run_after=2021-10-07T00:00:00+00:00
[2022-06-06 11:21:15,644] {processor.py:161} INFO - Processing /opt/airflow/dags/create_dag_with_python_operator.py took 0.130 seconds
[2022-06-06 11:21:46,168] {processor.py:153} INFO - Started process (PID=1527) to work on /opt/airflow/dags/create_dag_with_python_operator.py
[2022-06-06 11:21:46,170] {processor.py:641} INFO - Processing file /opt/airflow/dags/create_dag_with_python_operator.py for tasks to queue
[2022-06-06 11:21:46,171] {logging_mixin.py:115} INFO - [2022-06-06 11:21:46,171] {dagbag.py:507} INFO - Filling up the DagBag from /opt/airflow/dags/create_dag_with_python_operator.py
[2022-06-06 11:21:46,187] {processor.py:651} INFO - DAG(s) dict_keys(['our_dag_with_python_operator_v07']) retrieved from /opt/airflow/dags/create_dag_with_python_operator.py
[2022-06-06 11:21:46,224] {logging_mixin.py:115} INFO - [2022-06-06 11:21:46,224] {dag.py:2371} INFO - Sync 1 DAGs
[2022-06-06 11:21:46,260] {logging_mixin.py:115} INFO - [2022-06-06 11:21:46,260] {dag.py:2919} INFO - Setting next_dagrun for our_dag_with_python_operator_v07 to 2021-10-06T00:00:00+00:00, run_after=2021-10-07T00:00:00+00:00
[2022-06-06 11:21:46,282] {processor.py:161} INFO - Processing /opt/airflow/dags/create_dag_with_python_operator.py took 0.120 seconds
[2022-06-06 11:22:16,401] {processor.py:153} INFO - Started process (PID=1558) to work on /opt/airflow/dags/create_dag_with_python_operator.py
[2022-06-06 11:22:16,403] {processor.py:641} INFO - Processing file /opt/airflow/dags/create_dag_with_python_operator.py for tasks to queue
[2022-06-06 11:22:16,404] {logging_mixin.py:115} INFO - [2022-06-06 11:22:16,404] {dagbag.py:507} INFO - Filling up the DagBag from /opt/airflow/dags/create_dag_with_python_operator.py
[2022-06-06 11:22:16,420] {processor.py:651} INFO - DAG(s) dict_keys(['our_dag_with_python_operator_v07']) retrieved from /opt/airflow/dags/create_dag_with_python_operator.py
[2022-06-06 11:22:16,456] {logging_mixin.py:115} INFO - [2022-06-06 11:22:16,456] {dag.py:2371} INFO - Sync 1 DAGs
[2022-06-06 11:22:16,491] {logging_mixin.py:115} INFO - [2022-06-06 11:22:16,491] {dag.py:2919} INFO - Setting next_dagrun for our_dag_with_python_operator_v07 to 2021-10-06T00:00:00+00:00, run_after=2021-10-07T00:00:00+00:00
[2022-06-06 11:22:16,506] {processor.py:161} INFO - Processing /opt/airflow/dags/create_dag_with_python_operator.py took 0.109 seconds
[2022-06-06 11:22:46,612] {processor.py:153} INFO - Started process (PID=1598) to work on /opt/airflow/dags/create_dag_with_python_operator.py
[2022-06-06 11:22:46,614] {processor.py:641} INFO - Processing file /opt/airflow/dags/create_dag_with_python_operator.py for tasks to queue
[2022-06-06 11:22:46,615] {logging_mixin.py:115} INFO - [2022-06-06 11:22:46,615] {dagbag.py:507} INFO - Filling up the DagBag from /opt/airflow/dags/create_dag_with_python_operator.py
[2022-06-06 11:22:46,630] {processor.py:651} INFO - DAG(s) dict_keys(['our_dag_with_python_operator_v07']) retrieved from /opt/airflow/dags/create_dag_with_python_operator.py
[2022-06-06 11:22:46,666] {logging_mixin.py:115} INFO - [2022-06-06 11:22:46,666] {dag.py:2371} INFO - Sync 1 DAGs
[2022-06-06 11:22:46,701] {logging_mixin.py:115} INFO - [2022-06-06 11:22:46,701] {dag.py:2919} INFO - Setting next_dagrun for our_dag_with_python_operator_v07 to 2021-10-06T00:00:00+00:00, run_after=2021-10-07T00:00:00+00:00
[2022-06-06 11:22:46,715] {processor.py:161} INFO - Processing /opt/airflow/dags/create_dag_with_python_operator.py took 0.109 seconds
[2022-06-06 11:23:16,826] {processor.py:153} INFO - Started process (PID=1640) to work on /opt/airflow/dags/create_dag_with_python_operator.py
[2022-06-06 11:23:16,829] {processor.py:641} INFO - Processing file /opt/airflow/dags/create_dag_with_python_operator.py for tasks to queue
[2022-06-06 11:23:16,832] {logging_mixin.py:115} INFO - [2022-06-06 11:23:16,832] {dagbag.py:507} INFO - Filling up the DagBag from /opt/airflow/dags/create_dag_with_python_operator.py
[2022-06-06 11:23:16,848] {processor.py:651} INFO - DAG(s) dict_keys(['our_dag_with_python_operator_v07']) retrieved from /opt/airflow/dags/create_dag_with_python_operator.py
[2022-06-06 11:23:16,890] {logging_mixin.py:115} INFO - [2022-06-06 11:23:16,889] {dag.py:2371} INFO - Sync 1 DAGs
[2022-06-06 11:23:16,925] {logging_mixin.py:115} INFO - [2022-06-06 11:23:16,925] {dag.py:2919} INFO - Setting next_dagrun for our_dag_with_python_operator_v07 to 2021-10-06T00:00:00+00:00, run_after=2021-10-07T00:00:00+00:00
[2022-06-06 11:23:16,940] {processor.py:161} INFO - Processing /opt/airflow/dags/create_dag_with_python_operator.py took 0.118 seconds
[2022-06-06 11:23:47,059] {processor.py:153} INFO - Started process (PID=1671) to work on /opt/airflow/dags/create_dag_with_python_operator.py
[2022-06-06 11:23:47,060] {processor.py:641} INFO - Processing file /opt/airflow/dags/create_dag_with_python_operator.py for tasks to queue
[2022-06-06 11:23:47,061] {logging_mixin.py:115} INFO - [2022-06-06 11:23:47,061] {dagbag.py:507} INFO - Filling up the DagBag from /opt/airflow/dags/create_dag_with_python_operator.py
[2022-06-06 11:23:47,078] {processor.py:651} INFO - DAG(s) dict_keys(['our_dag_with_python_operator_v07']) retrieved from /opt/airflow/dags/create_dag_with_python_operator.py
[2022-06-06 11:23:47,116] {logging_mixin.py:115} INFO - [2022-06-06 11:23:47,115] {dag.py:2371} INFO - Sync 1 DAGs
[2022-06-06 11:23:47,151] {logging_mixin.py:115} INFO - [2022-06-06 11:23:47,150] {dag.py:2919} INFO - Setting next_dagrun for our_dag_with_python_operator_v07 to 2021-10-06T00:00:00+00:00, run_after=2021-10-07T00:00:00+00:00
[2022-06-06 11:23:47,166] {processor.py:161} INFO - Processing /opt/airflow/dags/create_dag_with_python_operator.py took 0.112 seconds
[2022-06-06 11:24:17,280] {processor.py:153} INFO - Started process (PID=1710) to work on /opt/airflow/dags/create_dag_with_python_operator.py
[2022-06-06 11:24:17,282] {processor.py:641} INFO - Processing file /opt/airflow/dags/create_dag_with_python_operator.py for tasks to queue
[2022-06-06 11:24:17,283] {logging_mixin.py:115} INFO - [2022-06-06 11:24:17,283] {dagbag.py:507} INFO - Filling up the DagBag from /opt/airflow/dags/create_dag_with_python_operator.py
[2022-06-06 11:24:17,306] {processor.py:651} INFO - DAG(s) dict_keys(['our_dag_with_python_operator_v07']) retrieved from /opt/airflow/dags/create_dag_with_python_operator.py
[2022-06-06 11:24:17,347] {logging_mixin.py:115} INFO - [2022-06-06 11:24:17,347] {dag.py:2371} INFO - Sync 1 DAGs
[2022-06-06 11:24:17,382] {logging_mixin.py:115} INFO - [2022-06-06 11:24:17,381] {dag.py:2919} INFO - Setting next_dagrun for our_dag_with_python_operator_v07 to 2021-10-06T00:00:00+00:00, run_after=2021-10-07T00:00:00+00:00
[2022-06-06 11:24:17,397] {processor.py:161} INFO - Processing /opt/airflow/dags/create_dag_with_python_operator.py took 0.124 seconds
[2022-06-06 11:24:47,510] {processor.py:153} INFO - Started process (PID=1739) to work on /opt/airflow/dags/create_dag_with_python_operator.py
[2022-06-06 11:24:47,512] {processor.py:641} INFO - Processing file /opt/airflow/dags/create_dag_with_python_operator.py for tasks to queue
[2022-06-06 11:24:47,513] {logging_mixin.py:115} INFO - [2022-06-06 11:24:47,513] {dagbag.py:507} INFO - Filling up the DagBag from /opt/airflow/dags/create_dag_with_python_operator.py
[2022-06-06 11:24:47,530] {processor.py:651} INFO - DAG(s) dict_keys(['our_dag_with_python_operator_v07']) retrieved from /opt/airflow/dags/create_dag_with_python_operator.py
[2022-06-06 11:24:47,569] {logging_mixin.py:115} INFO - [2022-06-06 11:24:47,569] {dag.py:2371} INFO - Sync 1 DAGs
[2022-06-06 11:24:47,604] {logging_mixin.py:115} INFO - [2022-06-06 11:24:47,604] {dag.py:2919} INFO - Setting next_dagrun for our_dag_with_python_operator_v07 to 2021-10-06T00:00:00+00:00, run_after=2021-10-07T00:00:00+00:00
[2022-06-06 11:24:47,619] {processor.py:161} INFO - Processing /opt/airflow/dags/create_dag_with_python_operator.py took 0.113 seconds
[2022-06-06 11:25:17,731] {processor.py:153} INFO - Started process (PID=1779) to work on /opt/airflow/dags/create_dag_with_python_operator.py
[2022-06-06 11:25:17,732] {processor.py:641} INFO - Processing file /opt/airflow/dags/create_dag_with_python_operator.py for tasks to queue
[2022-06-06 11:25:17,734] {logging_mixin.py:115} INFO - [2022-06-06 11:25:17,733] {dagbag.py:507} INFO - Filling up the DagBag from /opt/airflow/dags/create_dag_with_python_operator.py
[2022-06-06 11:25:17,750] {processor.py:651} INFO - DAG(s) dict_keys(['our_dag_with_python_operator_v07']) retrieved from /opt/airflow/dags/create_dag_with_python_operator.py
[2022-06-06 11:25:17,788] {logging_mixin.py:115} INFO - [2022-06-06 11:25:17,788] {dag.py:2371} INFO - Sync 1 DAGs
[2022-06-06 11:25:17,824] {logging_mixin.py:115} INFO - [2022-06-06 11:25:17,824] {dag.py:2919} INFO - Setting next_dagrun for our_dag_with_python_operator_v07 to 2021-10-06T00:00:00+00:00, run_after=2021-10-07T00:00:00+00:00
[2022-06-06 11:25:17,840] {processor.py:161} INFO - Processing /opt/airflow/dags/create_dag_with_python_operator.py took 0.115 seconds
[2022-06-06 11:25:47,970] {processor.py:153} INFO - Started process (PID=1809) to work on /opt/airflow/dags/create_dag_with_python_operator.py
[2022-06-06 11:25:47,972] {processor.py:641} INFO - Processing file /opt/airflow/dags/create_dag_with_python_operator.py for tasks to queue
[2022-06-06 11:25:47,973] {logging_mixin.py:115} INFO - [2022-06-06 11:25:47,973] {dagbag.py:507} INFO - Filling up the DagBag from /opt/airflow/dags/create_dag_with_python_operator.py
[2022-06-06 11:25:47,990] {processor.py:651} INFO - DAG(s) dict_keys(['our_dag_with_python_operator_v07']) retrieved from /opt/airflow/dags/create_dag_with_python_operator.py
[2022-06-06 11:25:48,028] {logging_mixin.py:115} INFO - [2022-06-06 11:25:48,028] {dag.py:2371} INFO - Sync 1 DAGs
[2022-06-06 11:25:48,063] {logging_mixin.py:115} INFO - [2022-06-06 11:25:48,063] {dag.py:2919} INFO - Setting next_dagrun for our_dag_with_python_operator_v07 to 2021-10-06T00:00:00+00:00, run_after=2021-10-07T00:00:00+00:00
[2022-06-06 11:25:48,078] {processor.py:161} INFO - Processing /opt/airflow/dags/create_dag_with_python_operator.py took 0.112 seconds
[2022-06-06 11:26:18,219] {processor.py:153} INFO - Started process (PID=1849) to work on /opt/airflow/dags/create_dag_with_python_operator.py
[2022-06-06 11:26:18,220] {processor.py:641} INFO - Processing file /opt/airflow/dags/create_dag_with_python_operator.py for tasks to queue
[2022-06-06 11:26:18,222] {logging_mixin.py:115} INFO - [2022-06-06 11:26:18,222] {dagbag.py:507} INFO - Filling up the DagBag from /opt/airflow/dags/create_dag_with_python_operator.py
[2022-06-06 11:26:18,243] {processor.py:651} INFO - DAG(s) dict_keys(['our_dag_with_python_operator_v07']) retrieved from /opt/airflow/dags/create_dag_with_python_operator.py
[2022-06-06 11:26:18,282] {logging_mixin.py:115} INFO - [2022-06-06 11:26:18,282] {dag.py:2371} INFO - Sync 1 DAGs
[2022-06-06 11:26:18,318] {logging_mixin.py:115} INFO - [2022-06-06 11:26:18,318] {dag.py:2919} INFO - Setting next_dagrun for our_dag_with_python_operator_v07 to 2021-10-06T00:00:00+00:00, run_after=2021-10-07T00:00:00+00:00
[2022-06-06 11:26:18,331] {processor.py:161} INFO - Processing /opt/airflow/dags/create_dag_with_python_operator.py took 0.117 seconds
[2022-06-06 11:26:48,443] {processor.py:153} INFO - Started process (PID=1888) to work on /opt/airflow/dags/create_dag_with_python_operator.py
[2022-06-06 11:26:48,445] {processor.py:641} INFO - Processing file /opt/airflow/dags/create_dag_with_python_operator.py for tasks to queue
[2022-06-06 11:26:48,446] {logging_mixin.py:115} INFO - [2022-06-06 11:26:48,446] {dagbag.py:507} INFO - Filling up the DagBag from /opt/airflow/dags/create_dag_with_python_operator.py
[2022-06-06 11:26:48,462] {processor.py:651} INFO - DAG(s) dict_keys(['our_dag_with_python_operator_v07']) retrieved from /opt/airflow/dags/create_dag_with_python_operator.py
[2022-06-06 11:26:48,500] {logging_mixin.py:115} INFO - [2022-06-06 11:26:48,500] {dag.py:2371} INFO - Sync 1 DAGs
[2022-06-06 11:26:48,538] {logging_mixin.py:115} INFO - [2022-06-06 11:26:48,537] {dag.py:2919} INFO - Setting next_dagrun for our_dag_with_python_operator_v07 to 2021-10-06T00:00:00+00:00, run_after=2021-10-07T00:00:00+00:00
[2022-06-06 11:26:48,553] {processor.py:161} INFO - Processing /opt/airflow/dags/create_dag_with_python_operator.py took 0.114 seconds
[2022-06-06 11:27:18,697] {processor.py:153} INFO - Started process (PID=1919) to work on /opt/airflow/dags/create_dag_with_python_operator.py
[2022-06-06 11:27:18,698] {processor.py:641} INFO - Processing file /opt/airflow/dags/create_dag_with_python_operator.py for tasks to queue
[2022-06-06 11:27:18,699] {logging_mixin.py:115} INFO - [2022-06-06 11:27:18,699] {dagbag.py:507} INFO - Filling up the DagBag from /opt/airflow/dags/create_dag_with_python_operator.py
[2022-06-06 11:27:18,716] {processor.py:651} INFO - DAG(s) dict_keys(['our_dag_with_python_operator_v07']) retrieved from /opt/airflow/dags/create_dag_with_python_operator.py
[2022-06-06 11:27:18,754] {logging_mixin.py:115} INFO - [2022-06-06 11:27:18,754] {dag.py:2371} INFO - Sync 1 DAGs
[2022-06-06 11:27:18,793] {logging_mixin.py:115} INFO - [2022-06-06 11:27:18,793] {dag.py:2919} INFO - Setting next_dagrun for our_dag_with_python_operator_v07 to 2021-10-06T00:00:00+00:00, run_after=2021-10-07T00:00:00+00:00
[2022-06-06 11:27:18,806] {processor.py:161} INFO - Processing /opt/airflow/dags/create_dag_with_python_operator.py took 0.114 seconds
[2022-06-06 11:27:48,910] {processor.py:153} INFO - Started process (PID=1958) to work on /opt/airflow/dags/create_dag_with_python_operator.py
[2022-06-06 11:27:48,912] {processor.py:641} INFO - Processing file /opt/airflow/dags/create_dag_with_python_operator.py for tasks to queue
[2022-06-06 11:27:48,913] {logging_mixin.py:115} INFO - [2022-06-06 11:27:48,913] {dagbag.py:507} INFO - Filling up the DagBag from /opt/airflow/dags/create_dag_with_python_operator.py
[2022-06-06 11:27:48,932] {processor.py:651} INFO - DAG(s) dict_keys(['our_dag_with_python_operator_v07']) retrieved from /opt/airflow/dags/create_dag_with_python_operator.py
[2022-06-06 11:27:48,971] {logging_mixin.py:115} INFO - [2022-06-06 11:27:48,971] {dag.py:2371} INFO - Sync 1 DAGs
[2022-06-06 11:27:49,010] {logging_mixin.py:115} INFO - [2022-06-06 11:27:49,010] {dag.py:2919} INFO - Setting next_dagrun for our_dag_with_python_operator_v07 to 2021-10-06T00:00:00+00:00, run_after=2021-10-07T00:00:00+00:00
[2022-06-06 11:27:49,024] {processor.py:161} INFO - Processing /opt/airflow/dags/create_dag_with_python_operator.py took 0.119 seconds
[2022-06-06 11:28:19,196] {processor.py:153} INFO - Started process (PID=1989) to work on /opt/airflow/dags/create_dag_with_python_operator.py
[2022-06-06 11:28:19,199] {processor.py:641} INFO - Processing file /opt/airflow/dags/create_dag_with_python_operator.py for tasks to queue
[2022-06-06 11:28:19,201] {logging_mixin.py:115} INFO - [2022-06-06 11:28:19,201] {dagbag.py:507} INFO - Filling up the DagBag from /opt/airflow/dags/create_dag_with_python_operator.py
[2022-06-06 11:28:19,218] {processor.py:651} INFO - DAG(s) dict_keys(['our_dag_with_python_operator_v07']) retrieved from /opt/airflow/dags/create_dag_with_python_operator.py
[2022-06-06 11:28:19,255] {logging_mixin.py:115} INFO - [2022-06-06 11:28:19,254] {dag.py:2371} INFO - Sync 1 DAGs
[2022-06-06 11:28:19,289] {logging_mixin.py:115} INFO - [2022-06-06 11:28:19,289] {dag.py:2919} INFO - Setting next_dagrun for our_dag_with_python_operator_v07 to 2021-10-06T00:00:00+00:00, run_after=2021-10-07T00:00:00+00:00
[2022-06-06 11:28:19,304] {processor.py:161} INFO - Processing /opt/airflow/dags/create_dag_with_python_operator.py took 0.114 seconds
[2022-06-06 11:28:49,406] {processor.py:153} INFO - Started process (PID=2030) to work on /opt/airflow/dags/create_dag_with_python_operator.py
[2022-06-06 11:28:49,408] {processor.py:641} INFO - Processing file /opt/airflow/dags/create_dag_with_python_operator.py for tasks to queue
[2022-06-06 11:28:49,409] {logging_mixin.py:115} INFO - [2022-06-06 11:28:49,409] {dagbag.py:507} INFO - Filling up the DagBag from /opt/airflow/dags/create_dag_with_python_operator.py
[2022-06-06 11:28:49,430] {processor.py:651} INFO - DAG(s) dict_keys(['our_dag_with_python_operator_v07']) retrieved from /opt/airflow/dags/create_dag_with_python_operator.py
[2022-06-06 11:28:49,471] {logging_mixin.py:115} INFO - [2022-06-06 11:28:49,471] {dag.py:2371} INFO - Sync 1 DAGs
[2022-06-06 11:28:49,508] {logging_mixin.py:115} INFO - [2022-06-06 11:28:49,508] {dag.py:2919} INFO - Setting next_dagrun for our_dag_with_python_operator_v07 to 2021-10-06T00:00:00+00:00, run_after=2021-10-07T00:00:00+00:00
[2022-06-06 11:28:49,527] {processor.py:161} INFO - Processing /opt/airflow/dags/create_dag_with_python_operator.py took 0.125 seconds
[2022-06-06 11:29:19,633] {processor.py:153} INFO - Started process (PID=2060) to work on /opt/airflow/dags/create_dag_with_python_operator.py
[2022-06-06 11:29:19,635] {processor.py:641} INFO - Processing file /opt/airflow/dags/create_dag_with_python_operator.py for tasks to queue
[2022-06-06 11:29:19,637] {logging_mixin.py:115} INFO - [2022-06-06 11:29:19,636] {dagbag.py:507} INFO - Filling up the DagBag from /opt/airflow/dags/create_dag_with_python_operator.py
[2022-06-06 11:29:19,656] {processor.py:651} INFO - DAG(s) dict_keys(['our_dag_with_python_operator_v07']) retrieved from /opt/airflow/dags/create_dag_with_python_operator.py
[2022-06-06 11:29:19,695] {logging_mixin.py:115} INFO - [2022-06-06 11:29:19,695] {dag.py:2371} INFO - Sync 1 DAGs
[2022-06-06 11:29:19,733] {logging_mixin.py:115} INFO - [2022-06-06 11:29:19,732] {dag.py:2919} INFO - Setting next_dagrun for our_dag_with_python_operator_v07 to 2021-10-06T00:00:00+00:00, run_after=2021-10-07T00:00:00+00:00
[2022-06-06 11:29:19,750] {processor.py:161} INFO - Processing /opt/airflow/dags/create_dag_with_python_operator.py took 0.121 seconds
[2022-06-06 11:29:49,834] {processor.py:153} INFO - Started process (PID=2101) to work on /opt/airflow/dags/create_dag_with_python_operator.py
[2022-06-06 11:29:49,835] {processor.py:641} INFO - Processing file /opt/airflow/dags/create_dag_with_python_operator.py for tasks to queue
[2022-06-06 11:29:49,836] {logging_mixin.py:115} INFO - [2022-06-06 11:29:49,836] {dagbag.py:507} INFO - Filling up the DagBag from /opt/airflow/dags/create_dag_with_python_operator.py
[2022-06-06 11:29:49,851] {processor.py:651} INFO - DAG(s) dict_keys(['our_dag_with_python_operator_v07']) retrieved from /opt/airflow/dags/create_dag_with_python_operator.py
[2022-06-06 11:29:49,889] {logging_mixin.py:115} INFO - [2022-06-06 11:29:49,889] {dag.py:2371} INFO - Sync 1 DAGs
[2022-06-06 11:29:49,925] {logging_mixin.py:115} INFO - [2022-06-06 11:29:49,925] {dag.py:2919} INFO - Setting next_dagrun for our_dag_with_python_operator_v07 to 2021-10-06T00:00:00+00:00, run_after=2021-10-07T00:00:00+00:00
[2022-06-06 11:29:49,939] {processor.py:161} INFO - Processing /opt/airflow/dags/create_dag_with_python_operator.py took 0.110 seconds
[2022-06-06 11:30:20,024] {processor.py:153} INFO - Started process (PID=2154) to work on /opt/airflow/dags/create_dag_with_python_operator.py
[2022-06-06 11:30:20,026] {processor.py:641} INFO - Processing file /opt/airflow/dags/create_dag_with_python_operator.py for tasks to queue
[2022-06-06 11:30:20,027] {logging_mixin.py:115} INFO - [2022-06-06 11:30:20,027] {dagbag.py:507} INFO - Filling up the DagBag from /opt/airflow/dags/create_dag_with_python_operator.py
[2022-06-06 11:30:20,045] {processor.py:651} INFO - DAG(s) dict_keys(['our_dag_with_python_operator_v07']) retrieved from /opt/airflow/dags/create_dag_with_python_operator.py
[2022-06-06 11:30:20,085] {logging_mixin.py:115} INFO - [2022-06-06 11:30:20,085] {dag.py:2371} INFO - Sync 1 DAGs
[2022-06-06 11:30:20,123] {logging_mixin.py:115} INFO - [2022-06-06 11:30:20,123] {dag.py:2919} INFO - Setting next_dagrun for our_dag_with_python_operator_v07 to 2021-10-06T00:00:00+00:00, run_after=2021-10-07T00:00:00+00:00
[2022-06-06 11:30:20,138] {processor.py:161} INFO - Processing /opt/airflow/dags/create_dag_with_python_operator.py took 0.118 seconds
[2022-06-06 11:30:50,224] {processor.py:153} INFO - Started process (PID=2184) to work on /opt/airflow/dags/create_dag_with_python_operator.py
[2022-06-06 11:30:50,226] {processor.py:641} INFO - Processing file /opt/airflow/dags/create_dag_with_python_operator.py for tasks to queue
[2022-06-06 11:30:50,228] {logging_mixin.py:115} INFO - [2022-06-06 11:30:50,228] {dagbag.py:507} INFO - Filling up the DagBag from /opt/airflow/dags/create_dag_with_python_operator.py
[2022-06-06 11:30:50,249] {processor.py:651} INFO - DAG(s) dict_keys(['our_dag_with_python_operator_v07']) retrieved from /opt/airflow/dags/create_dag_with_python_operator.py
[2022-06-06 11:30:50,283] {logging_mixin.py:115} INFO - [2022-06-06 11:30:50,283] {dag.py:2371} INFO - Sync 1 DAGs
[2022-06-06 11:30:50,317] {logging_mixin.py:115} INFO - [2022-06-06 11:30:50,317] {dag.py:2919} INFO - Setting next_dagrun for our_dag_with_python_operator_v07 to 2021-10-06T00:00:00+00:00, run_after=2021-10-07T00:00:00+00:00
[2022-06-06 11:30:50,331] {processor.py:161} INFO - Processing /opt/airflow/dags/create_dag_with_python_operator.py took 0.111 seconds
[2022-06-06 11:31:20,426] {processor.py:153} INFO - Started process (PID=2223) to work on /opt/airflow/dags/create_dag_with_python_operator.py
[2022-06-06 11:31:20,428] {processor.py:641} INFO - Processing file /opt/airflow/dags/create_dag_with_python_operator.py for tasks to queue
[2022-06-06 11:31:20,429] {logging_mixin.py:115} INFO - [2022-06-06 11:31:20,429] {dagbag.py:507} INFO - Filling up the DagBag from /opt/airflow/dags/create_dag_with_python_operator.py
[2022-06-06 11:31:20,444] {processor.py:651} INFO - DAG(s) dict_keys(['our_dag_with_python_operator_v07']) retrieved from /opt/airflow/dags/create_dag_with_python_operator.py
[2022-06-06 11:31:20,478] {logging_mixin.py:115} INFO - [2022-06-06 11:31:20,478] {dag.py:2371} INFO - Sync 1 DAGs
[2022-06-06 11:31:20,511] {logging_mixin.py:115} INFO - [2022-06-06 11:31:20,510] {dag.py:2919} INFO - Setting next_dagrun for our_dag_with_python_operator_v07 to 2021-10-06T00:00:00+00:00, run_after=2021-10-07T00:00:00+00:00
[2022-06-06 11:31:20,524] {processor.py:161} INFO - Processing /opt/airflow/dags/create_dag_with_python_operator.py took 0.102 seconds
[2022-06-06 11:31:50,627] {processor.py:153} INFO - Started process (PID=2252) to work on /opt/airflow/dags/create_dag_with_python_operator.py
[2022-06-06 11:31:50,628] {processor.py:641} INFO - Processing file /opt/airflow/dags/create_dag_with_python_operator.py for tasks to queue
[2022-06-06 11:31:50,630] {logging_mixin.py:115} INFO - [2022-06-06 11:31:50,630] {dagbag.py:507} INFO - Filling up the DagBag from /opt/airflow/dags/create_dag_with_python_operator.py
[2022-06-06 11:31:50,648] {processor.py:651} INFO - DAG(s) dict_keys(['our_dag_with_python_operator_v07']) retrieved from /opt/airflow/dags/create_dag_with_python_operator.py
[2022-06-06 11:31:50,685] {logging_mixin.py:115} INFO - [2022-06-06 11:31:50,685] {dag.py:2371} INFO - Sync 1 DAGs
[2022-06-06 11:31:50,724] {logging_mixin.py:115} INFO - [2022-06-06 11:31:50,724] {dag.py:2919} INFO - Setting next_dagrun for our_dag_with_python_operator_v07 to 2021-10-06T00:00:00+00:00, run_after=2021-10-07T00:00:00+00:00
[2022-06-06 11:31:50,743] {processor.py:161} INFO - Processing /opt/airflow/dags/create_dag_with_python_operator.py took 0.123 seconds
[2022-06-06 11:32:20,859] {processor.py:153} INFO - Started process (PID=2292) to work on /opt/airflow/dags/create_dag_with_python_operator.py
[2022-06-06 11:32:20,861] {processor.py:641} INFO - Processing file /opt/airflow/dags/create_dag_with_python_operator.py for tasks to queue
[2022-06-06 11:32:20,863] {logging_mixin.py:115} INFO - [2022-06-06 11:32:20,862] {dagbag.py:507} INFO - Filling up the DagBag from /opt/airflow/dags/create_dag_with_python_operator.py
[2022-06-06 11:32:20,880] {processor.py:651} INFO - DAG(s) dict_keys(['our_dag_with_python_operator_v07']) retrieved from /opt/airflow/dags/create_dag_with_python_operator.py
[2022-06-06 11:32:20,916] {logging_mixin.py:115} INFO - [2022-06-06 11:32:20,916] {dag.py:2371} INFO - Sync 1 DAGs
[2022-06-06 11:32:20,953] {logging_mixin.py:115} INFO - [2022-06-06 11:32:20,953] {dag.py:2919} INFO - Setting next_dagrun for our_dag_with_python_operator_v07 to 2021-10-06T00:00:00+00:00, run_after=2021-10-07T00:00:00+00:00
[2022-06-06 11:32:20,967] {processor.py:161} INFO - Processing /opt/airflow/dags/create_dag_with_python_operator.py took 0.112 seconds
[2022-06-06 11:32:51,067] {processor.py:153} INFO - Started process (PID=2330) to work on /opt/airflow/dags/create_dag_with_python_operator.py
[2022-06-06 11:32:51,069] {processor.py:641} INFO - Processing file /opt/airflow/dags/create_dag_with_python_operator.py for tasks to queue
[2022-06-06 11:32:51,070] {logging_mixin.py:115} INFO - [2022-06-06 11:32:51,070] {dagbag.py:507} INFO - Filling up the DagBag from /opt/airflow/dags/create_dag_with_python_operator.py
[2022-06-06 11:32:51,089] {processor.py:651} INFO - DAG(s) dict_keys(['our_dag_with_python_operator_v07']) retrieved from /opt/airflow/dags/create_dag_with_python_operator.py
[2022-06-06 11:32:51,130] {logging_mixin.py:115} INFO - [2022-06-06 11:32:51,130] {dag.py:2371} INFO - Sync 1 DAGs
[2022-06-06 11:32:51,168] {logging_mixin.py:115} INFO - [2022-06-06 11:32:51,167] {dag.py:2919} INFO - Setting next_dagrun for our_dag_with_python_operator_v07 to 2021-10-06T00:00:00+00:00, run_after=2021-10-07T00:00:00+00:00
[2022-06-06 11:32:51,183] {processor.py:161} INFO - Processing /opt/airflow/dags/create_dag_with_python_operator.py took 0.121 seconds
[2022-06-06 11:33:21,331] {processor.py:153} INFO - Started process (PID=2365) to work on /opt/airflow/dags/create_dag_with_python_operator.py
[2022-06-06 11:33:21,333] {processor.py:641} INFO - Processing file /opt/airflow/dags/create_dag_with_python_operator.py for tasks to queue
[2022-06-06 11:33:21,334] {logging_mixin.py:115} INFO - [2022-06-06 11:33:21,334] {dagbag.py:507} INFO - Filling up the DagBag from /opt/airflow/dags/create_dag_with_python_operator.py
[2022-06-06 11:33:21,349] {processor.py:651} INFO - DAG(s) dict_keys(['our_dag_with_python_operator_v07']) retrieved from /opt/airflow/dags/create_dag_with_python_operator.py
[2022-06-06 11:33:21,386] {logging_mixin.py:115} INFO - [2022-06-06 11:33:21,385] {dag.py:2371} INFO - Sync 1 DAGs
[2022-06-06 11:33:21,422] {logging_mixin.py:115} INFO - [2022-06-06 11:33:21,421] {dag.py:2919} INFO - Setting next_dagrun for our_dag_with_python_operator_v07 to 2021-10-06T00:00:00+00:00, run_after=2021-10-07T00:00:00+00:00
[2022-06-06 11:33:21,435] {processor.py:161} INFO - Processing /opt/airflow/dags/create_dag_with_python_operator.py took 0.108 seconds
[2022-06-06 11:33:51,535] {processor.py:153} INFO - Started process (PID=2405) to work on /opt/airflow/dags/create_dag_with_python_operator.py
[2022-06-06 11:33:51,537] {processor.py:641} INFO - Processing file /opt/airflow/dags/create_dag_with_python_operator.py for tasks to queue
[2022-06-06 11:33:51,539] {logging_mixin.py:115} INFO - [2022-06-06 11:33:51,539] {dagbag.py:507} INFO - Filling up the DagBag from /opt/airflow/dags/create_dag_with_python_operator.py
[2022-06-06 11:33:51,559] {processor.py:651} INFO - DAG(s) dict_keys(['our_dag_with_python_operator_v07']) retrieved from /opt/airflow/dags/create_dag_with_python_operator.py
[2022-06-06 11:33:51,595] {logging_mixin.py:115} INFO - [2022-06-06 11:33:51,595] {dag.py:2371} INFO - Sync 1 DAGs
[2022-06-06 11:33:51,633] {logging_mixin.py:115} INFO - [2022-06-06 11:33:51,633] {dag.py:2919} INFO - Setting next_dagrun for our_dag_with_python_operator_v07 to 2021-10-06T00:00:00+00:00, run_after=2021-10-07T00:00:00+00:00
[2022-06-06 11:33:51,649] {processor.py:161} INFO - Processing /opt/airflow/dags/create_dag_with_python_operator.py took 0.122 seconds
[2022-06-06 11:34:21,844] {processor.py:153} INFO - Started process (PID=2446) to work on /opt/airflow/dags/create_dag_with_python_operator.py
[2022-06-06 11:34:21,845] {processor.py:641} INFO - Processing file /opt/airflow/dags/create_dag_with_python_operator.py for tasks to queue
[2022-06-06 11:34:21,847] {logging_mixin.py:115} INFO - [2022-06-06 11:34:21,847] {dagbag.py:507} INFO - Filling up the DagBag from /opt/airflow/dags/create_dag_with_python_operator.py
[2022-06-06 11:34:21,862] {processor.py:651} INFO - DAG(s) dict_keys(['our_dag_with_python_operator_v07']) retrieved from /opt/airflow/dags/create_dag_with_python_operator.py
[2022-06-06 11:34:21,903] {logging_mixin.py:115} INFO - [2022-06-06 11:34:21,903] {dag.py:2371} INFO - Sync 1 DAGs
[2022-06-06 11:34:21,940] {logging_mixin.py:115} INFO - [2022-06-06 11:34:21,940] {dag.py:2919} INFO - Setting next_dagrun for our_dag_with_python_operator_v07 to 2021-10-06T00:00:00+00:00, run_after=2021-10-07T00:00:00+00:00
[2022-06-06 11:34:21,962] {processor.py:161} INFO - Processing /opt/airflow/dags/create_dag_with_python_operator.py took 0.121 seconds
[2022-06-06 11:34:52,198] {processor.py:153} INFO - Started process (PID=2500) to work on /opt/airflow/dags/create_dag_with_python_operator.py
[2022-06-06 11:34:52,200] {processor.py:641} INFO - Processing file /opt/airflow/dags/create_dag_with_python_operator.py for tasks to queue
[2022-06-06 11:34:52,201] {logging_mixin.py:115} INFO - [2022-06-06 11:34:52,201] {dagbag.py:507} INFO - Filling up the DagBag from /opt/airflow/dags/create_dag_with_python_operator.py
[2022-06-06 11:34:52,216] {processor.py:651} INFO - DAG(s) dict_keys(['our_dag_with_python_operator_v07']) retrieved from /opt/airflow/dags/create_dag_with_python_operator.py
[2022-06-06 11:34:52,260] {logging_mixin.py:115} INFO - [2022-06-06 11:34:52,260] {dag.py:2371} INFO - Sync 1 DAGs
[2022-06-06 11:34:52,292] {logging_mixin.py:115} INFO - [2022-06-06 11:34:52,292] {dag.py:2919} INFO - Setting next_dagrun for our_dag_with_python_operator_v07 to 2021-10-06T00:00:00+00:00, run_after=2021-10-07T00:00:00+00:00
[2022-06-06 11:34:52,306] {processor.py:161} INFO - Processing /opt/airflow/dags/create_dag_with_python_operator.py took 0.113 seconds
[2022-06-06 11:35:22,405] {processor.py:153} INFO - Started process (PID=2529) to work on /opt/airflow/dags/create_dag_with_python_operator.py
[2022-06-06 11:35:22,407] {processor.py:641} INFO - Processing file /opt/airflow/dags/create_dag_with_python_operator.py for tasks to queue
[2022-06-06 11:35:22,409] {logging_mixin.py:115} INFO - [2022-06-06 11:35:22,408] {dagbag.py:507} INFO - Filling up the DagBag from /opt/airflow/dags/create_dag_with_python_operator.py
[2022-06-06 11:35:22,423] {processor.py:651} INFO - DAG(s) dict_keys(['our_dag_with_python_operator_v07']) retrieved from /opt/airflow/dags/create_dag_with_python_operator.py
[2022-06-06 11:35:22,458] {logging_mixin.py:115} INFO - [2022-06-06 11:35:22,458] {dag.py:2371} INFO - Sync 1 DAGs
[2022-06-06 11:35:22,493] {logging_mixin.py:115} INFO - [2022-06-06 11:35:22,492] {dag.py:2919} INFO - Setting next_dagrun for our_dag_with_python_operator_v07 to 2021-10-06T00:00:00+00:00, run_after=2021-10-07T00:00:00+00:00
[2022-06-06 11:35:22,506] {processor.py:161} INFO - Processing /opt/airflow/dags/create_dag_with_python_operator.py took 0.105 seconds
[2022-06-06 11:35:52,621] {processor.py:153} INFO - Started process (PID=2569) to work on /opt/airflow/dags/create_dag_with_python_operator.py
[2022-06-06 11:35:52,622] {processor.py:641} INFO - Processing file /opt/airflow/dags/create_dag_with_python_operator.py for tasks to queue
[2022-06-06 11:35:52,624] {logging_mixin.py:115} INFO - [2022-06-06 11:35:52,624] {dagbag.py:507} INFO - Filling up the DagBag from /opt/airflow/dags/create_dag_with_python_operator.py
[2022-06-06 11:35:52,645] {processor.py:651} INFO - DAG(s) dict_keys(['our_dag_with_python_operator_v07']) retrieved from /opt/airflow/dags/create_dag_with_python_operator.py
[2022-06-06 11:35:52,687] {logging_mixin.py:115} INFO - [2022-06-06 11:35:52,687] {dag.py:2371} INFO - Sync 1 DAGs
[2022-06-06 11:35:52,742] {logging_mixin.py:115} INFO - [2022-06-06 11:35:52,742] {dag.py:2919} INFO - Setting next_dagrun for our_dag_with_python_operator_v07 to 2021-10-06T00:00:00+00:00, run_after=2021-10-07T00:00:00+00:00
[2022-06-06 11:35:52,761] {processor.py:161} INFO - Processing /opt/airflow/dags/create_dag_with_python_operator.py took 0.148 seconds
[2022-06-06 11:36:22,871] {processor.py:153} INFO - Started process (PID=2609) to work on /opt/airflow/dags/create_dag_with_python_operator.py
[2022-06-06 11:36:22,872] {processor.py:641} INFO - Processing file /opt/airflow/dags/create_dag_with_python_operator.py for tasks to queue
[2022-06-06 11:36:22,874] {logging_mixin.py:115} INFO - [2022-06-06 11:36:22,874] {dagbag.py:507} INFO - Filling up the DagBag from /opt/airflow/dags/create_dag_with_python_operator.py
[2022-06-06 11:36:22,890] {processor.py:651} INFO - DAG(s) dict_keys(['our_dag_with_python_operator_v07']) retrieved from /opt/airflow/dags/create_dag_with_python_operator.py
[2022-06-06 11:36:22,930] {logging_mixin.py:115} INFO - [2022-06-06 11:36:22,930] {dag.py:2371} INFO - Sync 1 DAGs
[2022-06-06 11:36:22,967] {logging_mixin.py:115} INFO - [2022-06-06 11:36:22,967] {dag.py:2919} INFO - Setting next_dagrun for our_dag_with_python_operator_v07 to 2021-10-06T00:00:00+00:00, run_after=2021-10-07T00:00:00+00:00
[2022-06-06 11:36:22,982] {processor.py:161} INFO - Processing /opt/airflow/dags/create_dag_with_python_operator.py took 0.115 seconds
[2022-06-06 11:36:53,252] {processor.py:153} INFO - Started process (PID=2682) to work on /opt/airflow/dags/create_dag_with_python_operator.py
[2022-06-06 11:36:53,254] {processor.py:641} INFO - Processing file /opt/airflow/dags/create_dag_with_python_operator.py for tasks to queue
[2022-06-06 11:36:53,255] {logging_mixin.py:115} INFO - [2022-06-06 11:36:53,255] {dagbag.py:507} INFO - Filling up the DagBag from /opt/airflow/dags/create_dag_with_python_operator.py
[2022-06-06 11:36:53,273] {processor.py:651} INFO - DAG(s) dict_keys(['our_dag_with_python_operator_v07']) retrieved from /opt/airflow/dags/create_dag_with_python_operator.py
[2022-06-06 11:36:53,320] {logging_mixin.py:115} INFO - [2022-06-06 11:36:53,320] {dag.py:2371} INFO - Sync 1 DAGs
[2022-06-06 11:36:53,381] {logging_mixin.py:115} INFO - [2022-06-06 11:36:53,381] {dag.py:2919} INFO - Setting next_dagrun for our_dag_with_python_operator_v07 to 2021-10-06T00:00:00+00:00, run_after=2021-10-07T00:00:00+00:00
[2022-06-06 11:36:53,399] {processor.py:161} INFO - Processing /opt/airflow/dags/create_dag_with_python_operator.py took 0.151 seconds
[2022-06-06 11:37:23,515] {processor.py:153} INFO - Started process (PID=2730) to work on /opt/airflow/dags/create_dag_with_python_operator.py
[2022-06-06 11:37:23,517] {processor.py:641} INFO - Processing file /opt/airflow/dags/create_dag_with_python_operator.py for tasks to queue
[2022-06-06 11:37:23,518] {logging_mixin.py:115} INFO - [2022-06-06 11:37:23,518] {dagbag.py:507} INFO - Filling up the DagBag from /opt/airflow/dags/create_dag_with_python_operator.py
[2022-06-06 11:37:23,538] {processor.py:651} INFO - DAG(s) dict_keys(['our_dag_with_python_operator_v07']) retrieved from /opt/airflow/dags/create_dag_with_python_operator.py
[2022-06-06 11:37:23,579] {logging_mixin.py:115} INFO - [2022-06-06 11:37:23,579] {dag.py:2371} INFO - Sync 1 DAGs
[2022-06-06 11:37:23,614] {logging_mixin.py:115} INFO - [2022-06-06 11:37:23,614] {dag.py:2919} INFO - Setting next_dagrun for our_dag_with_python_operator_v07 to 2021-10-06T00:00:00+00:00, run_after=2021-10-07T00:00:00+00:00
[2022-06-06 11:37:23,631] {processor.py:161} INFO - Processing /opt/airflow/dags/create_dag_with_python_operator.py took 0.123 seconds
[2022-06-06 11:37:53,732] {processor.py:153} INFO - Started process (PID=2760) to work on /opt/airflow/dags/create_dag_with_python_operator.py
[2022-06-06 11:37:53,734] {processor.py:641} INFO - Processing file /opt/airflow/dags/create_dag_with_python_operator.py for tasks to queue
[2022-06-06 11:37:53,735] {logging_mixin.py:115} INFO - [2022-06-06 11:37:53,735] {dagbag.py:507} INFO - Filling up the DagBag from /opt/airflow/dags/create_dag_with_python_operator.py
[2022-06-06 11:37:53,753] {processor.py:651} INFO - DAG(s) dict_keys(['our_dag_with_python_operator_v07']) retrieved from /opt/airflow/dags/create_dag_with_python_operator.py
[2022-06-06 11:37:53,795] {logging_mixin.py:115} INFO - [2022-06-06 11:37:53,795] {dag.py:2371} INFO - Sync 1 DAGs
[2022-06-06 11:37:53,833] {logging_mixin.py:115} INFO - [2022-06-06 11:37:53,833] {dag.py:2919} INFO - Setting next_dagrun for our_dag_with_python_operator_v07 to 2021-10-06T00:00:00+00:00, run_after=2021-10-07T00:00:00+00:00
[2022-06-06 11:37:53,847] {processor.py:161} INFO - Processing /opt/airflow/dags/create_dag_with_python_operator.py took 0.122 seconds
[2022-06-06 11:38:23,949] {processor.py:153} INFO - Started process (PID=2800) to work on /opt/airflow/dags/create_dag_with_python_operator.py
[2022-06-06 11:38:23,951] {processor.py:641} INFO - Processing file /opt/airflow/dags/create_dag_with_python_operator.py for tasks to queue
[2022-06-06 11:38:23,953] {logging_mixin.py:115} INFO - [2022-06-06 11:38:23,953] {dagbag.py:507} INFO - Filling up the DagBag from /opt/airflow/dags/create_dag_with_python_operator.py
[2022-06-06 11:38:23,977] {processor.py:651} INFO - DAG(s) dict_keys(['our_dag_with_python_operator_v07']) retrieved from /opt/airflow/dags/create_dag_with_python_operator.py
[2022-06-06 11:38:24,021] {logging_mixin.py:115} INFO - [2022-06-06 11:38:24,021] {dag.py:2371} INFO - Sync 1 DAGs
[2022-06-06 11:38:24,055] {logging_mixin.py:115} INFO - [2022-06-06 11:38:24,055] {dag.py:2919} INFO - Setting next_dagrun for our_dag_with_python_operator_v07 to 2021-10-06T00:00:00+00:00, run_after=2021-10-07T00:00:00+00:00
[2022-06-06 11:38:24,067] {processor.py:161} INFO - Processing /opt/airflow/dags/create_dag_with_python_operator.py took 0.126 seconds
[2022-06-06 11:38:54,301] {processor.py:153} INFO - Started process (PID=2828) to work on /opt/airflow/dags/create_dag_with_python_operator.py
[2022-06-06 11:38:54,306] {processor.py:641} INFO - Processing file /opt/airflow/dags/create_dag_with_python_operator.py for tasks to queue
[2022-06-06 11:38:54,310] {logging_mixin.py:115} INFO - [2022-06-06 11:38:54,310] {dagbag.py:507} INFO - Filling up the DagBag from /opt/airflow/dags/create_dag_with_python_operator.py
[2022-06-06 11:38:54,368] {processor.py:651} INFO - DAG(s) dict_keys(['our_dag_with_python_operator_v07']) retrieved from /opt/airflow/dags/create_dag_with_python_operator.py
[2022-06-06 11:38:54,489] {logging_mixin.py:115} INFO - [2022-06-06 11:38:54,489] {dag.py:2371} INFO - Sync 1 DAGs
[2022-06-06 11:38:54,609] {logging_mixin.py:115} INFO - [2022-06-06 11:38:54,608] {dag.py:2919} INFO - Setting next_dagrun for our_dag_with_python_operator_v07 to 2021-10-06T00:00:00+00:00, run_after=2021-10-07T00:00:00+00:00
[2022-06-06 11:38:54,633] {processor.py:161} INFO - Processing /opt/airflow/dags/create_dag_with_python_operator.py took 0.360 seconds
[2022-06-06 11:39:25,425] {processor.py:153} INFO - Started process (PID=2869) to work on /opt/airflow/dags/create_dag_with_python_operator.py
[2022-06-06 11:39:25,426] {processor.py:641} INFO - Processing file /opt/airflow/dags/create_dag_with_python_operator.py for tasks to queue
[2022-06-06 11:39:25,427] {logging_mixin.py:115} INFO - [2022-06-06 11:39:25,427] {dagbag.py:507} INFO - Filling up the DagBag from /opt/airflow/dags/create_dag_with_python_operator.py
[2022-06-06 11:39:25,443] {processor.py:651} INFO - DAG(s) dict_keys(['our_dag_with_python_operator_v07']) retrieved from /opt/airflow/dags/create_dag_with_python_operator.py
[2022-06-06 11:39:25,483] {logging_mixin.py:115} INFO - [2022-06-06 11:39:25,483] {dag.py:2371} INFO - Sync 1 DAGs
[2022-06-06 11:39:25,519] {logging_mixin.py:115} INFO - [2022-06-06 11:39:25,519] {dag.py:2919} INFO - Setting next_dagrun for our_dag_with_python_operator_v07 to 2021-10-06T00:00:00+00:00, run_after=2021-10-07T00:00:00+00:00
[2022-06-06 11:39:25,534] {processor.py:161} INFO - Processing /opt/airflow/dags/create_dag_with_python_operator.py took 0.114 seconds
[2022-06-06 11:39:55,644] {processor.py:153} INFO - Started process (PID=2913) to work on /opt/airflow/dags/create_dag_with_python_operator.py
[2022-06-06 11:39:55,646] {processor.py:641} INFO - Processing file /opt/airflow/dags/create_dag_with_python_operator.py for tasks to queue
[2022-06-06 11:39:55,649] {logging_mixin.py:115} INFO - [2022-06-06 11:39:55,649] {dagbag.py:507} INFO - Filling up the DagBag from /opt/airflow/dags/create_dag_with_python_operator.py
[2022-06-06 11:39:55,671] {processor.py:651} INFO - DAG(s) dict_keys(['our_dag_with_python_operator_v07']) retrieved from /opt/airflow/dags/create_dag_with_python_operator.py
[2022-06-06 11:39:55,710] {logging_mixin.py:115} INFO - [2022-06-06 11:39:55,710] {dag.py:2371} INFO - Sync 1 DAGs
[2022-06-06 11:39:55,749] {logging_mixin.py:115} INFO - [2022-06-06 11:39:55,749] {dag.py:2919} INFO - Setting next_dagrun for our_dag_with_python_operator_v07 to 2021-10-06T00:00:00+00:00, run_after=2021-10-07T00:00:00+00:00
[2022-06-06 11:39:55,766] {processor.py:161} INFO - Processing /opt/airflow/dags/create_dag_with_python_operator.py took 0.130 seconds
[2022-06-06 11:40:25,868] {processor.py:153} INFO - Started process (PID=2957) to work on /opt/airflow/dags/create_dag_with_python_operator.py
[2022-06-06 11:40:25,870] {processor.py:641} INFO - Processing file /opt/airflow/dags/create_dag_with_python_operator.py for tasks to queue
[2022-06-06 11:40:25,871] {logging_mixin.py:115} INFO - [2022-06-06 11:40:25,871] {dagbag.py:507} INFO - Filling up the DagBag from /opt/airflow/dags/create_dag_with_python_operator.py
[2022-06-06 11:40:25,885] {processor.py:651} INFO - DAG(s) dict_keys(['our_dag_with_python_operator_v07']) retrieved from /opt/airflow/dags/create_dag_with_python_operator.py
[2022-06-06 11:40:25,920] {logging_mixin.py:115} INFO - [2022-06-06 11:40:25,920] {dag.py:2371} INFO - Sync 1 DAGs
[2022-06-06 11:40:25,955] {logging_mixin.py:115} INFO - [2022-06-06 11:40:25,955] {dag.py:2919} INFO - Setting next_dagrun for our_dag_with_python_operator_v07 to 2021-10-06T00:00:00+00:00, run_after=2021-10-07T00:00:00+00:00
[2022-06-06 11:40:25,969] {processor.py:161} INFO - Processing /opt/airflow/dags/create_dag_with_python_operator.py took 0.106 seconds
[2022-06-06 11:40:56,063] {processor.py:153} INFO - Started process (PID=2995) to work on /opt/airflow/dags/create_dag_with_python_operator.py
[2022-06-06 11:40:56,065] {processor.py:641} INFO - Processing file /opt/airflow/dags/create_dag_with_python_operator.py for tasks to queue
[2022-06-06 11:40:56,067] {logging_mixin.py:115} INFO - [2022-06-06 11:40:56,067] {dagbag.py:507} INFO - Filling up the DagBag from /opt/airflow/dags/create_dag_with_python_operator.py
[2022-06-06 11:40:56,082] {processor.py:651} INFO - DAG(s) dict_keys(['our_dag_with_python_operator_v07']) retrieved from /opt/airflow/dags/create_dag_with_python_operator.py
[2022-06-06 11:40:56,119] {logging_mixin.py:115} INFO - [2022-06-06 11:40:56,119] {dag.py:2371} INFO - Sync 1 DAGs
[2022-06-06 11:40:56,154] {logging_mixin.py:115} INFO - [2022-06-06 11:40:56,154] {dag.py:2919} INFO - Setting next_dagrun for our_dag_with_python_operator_v07 to 2021-10-06T00:00:00+00:00, run_after=2021-10-07T00:00:00+00:00
[2022-06-06 11:40:56,168] {processor.py:161} INFO - Processing /opt/airflow/dags/create_dag_with_python_operator.py took 0.110 seconds
[2022-06-06 11:41:26,263] {processor.py:153} INFO - Started process (PID=3024) to work on /opt/airflow/dags/create_dag_with_python_operator.py
[2022-06-06 11:41:26,265] {processor.py:641} INFO - Processing file /opt/airflow/dags/create_dag_with_python_operator.py for tasks to queue
[2022-06-06 11:41:26,266] {logging_mixin.py:115} INFO - [2022-06-06 11:41:26,266] {dagbag.py:507} INFO - Filling up the DagBag from /opt/airflow/dags/create_dag_with_python_operator.py
[2022-06-06 11:41:26,286] {processor.py:651} INFO - DAG(s) dict_keys(['our_dag_with_python_operator_v07']) retrieved from /opt/airflow/dags/create_dag_with_python_operator.py
[2022-06-06 11:41:26,339] {logging_mixin.py:115} INFO - [2022-06-06 11:41:26,339] {dag.py:2371} INFO - Sync 1 DAGs
[2022-06-06 11:41:26,378] {logging_mixin.py:115} INFO - [2022-06-06 11:41:26,378] {dag.py:2919} INFO - Setting next_dagrun for our_dag_with_python_operator_v07 to 2021-10-06T00:00:00+00:00, run_after=2021-10-07T00:00:00+00:00
[2022-06-06 11:41:26,395] {processor.py:161} INFO - Processing /opt/airflow/dags/create_dag_with_python_operator.py took 0.137 seconds
[2022-06-06 11:41:56,492] {processor.py:153} INFO - Started process (PID=3063) to work on /opt/airflow/dags/create_dag_with_python_operator.py
[2022-06-06 11:41:56,494] {processor.py:641} INFO - Processing file /opt/airflow/dags/create_dag_with_python_operator.py for tasks to queue
[2022-06-06 11:41:56,496] {logging_mixin.py:115} INFO - [2022-06-06 11:41:56,496] {dagbag.py:507} INFO - Filling up the DagBag from /opt/airflow/dags/create_dag_with_python_operator.py
[2022-06-06 11:41:56,514] {processor.py:651} INFO - DAG(s) dict_keys(['our_dag_with_python_operator_v07']) retrieved from /opt/airflow/dags/create_dag_with_python_operator.py
[2022-06-06 11:41:56,553] {logging_mixin.py:115} INFO - [2022-06-06 11:41:56,553] {dag.py:2371} INFO - Sync 1 DAGs
[2022-06-06 11:41:56,590] {logging_mixin.py:115} INFO - [2022-06-06 11:41:56,590] {dag.py:2919} INFO - Setting next_dagrun for our_dag_with_python_operator_v07 to 2021-10-06T00:00:00+00:00, run_after=2021-10-07T00:00:00+00:00
[2022-06-06 11:41:56,607] {processor.py:161} INFO - Processing /opt/airflow/dags/create_dag_with_python_operator.py took 0.120 seconds
[2022-06-06 11:42:26,716] {processor.py:153} INFO - Started process (PID=3093) to work on /opt/airflow/dags/create_dag_with_python_operator.py
[2022-06-06 11:42:26,718] {processor.py:641} INFO - Processing file /opt/airflow/dags/create_dag_with_python_operator.py for tasks to queue
[2022-06-06 11:42:26,720] {logging_mixin.py:115} INFO - [2022-06-06 11:42:26,720] {dagbag.py:507} INFO - Filling up the DagBag from /opt/airflow/dags/create_dag_with_python_operator.py
[2022-06-06 11:42:26,738] {processor.py:651} INFO - DAG(s) dict_keys(['our_dag_with_python_operator_v07']) retrieved from /opt/airflow/dags/create_dag_with_python_operator.py
[2022-06-06 11:42:26,788] {logging_mixin.py:115} INFO - [2022-06-06 11:42:26,788] {dag.py:2371} INFO - Sync 1 DAGs
[2022-06-06 11:42:26,827] {logging_mixin.py:115} INFO - [2022-06-06 11:42:26,827] {dag.py:2919} INFO - Setting next_dagrun for our_dag_with_python_operator_v07 to 2021-10-06T00:00:00+00:00, run_after=2021-10-07T00:00:00+00:00
[2022-06-06 11:42:26,852] {processor.py:161} INFO - Processing /opt/airflow/dags/create_dag_with_python_operator.py took 0.143 seconds
