[2022-07-15 09:54:26,095] {processor.py:153} INFO - Started process (PID=172) to work on /opt/airflow/dags/dag.py
[2022-07-15 09:54:26,104] {processor.py:641} INFO - Processing file /opt/airflow/dags/dag.py for tasks to queue
[2022-07-15 09:54:26,105] {logging_mixin.py:115} INFO - [2022-07-15 09:54:26,105] {dagbag.py:507} INFO - Filling up the DagBag from /opt/airflow/dags/dag.py
[2022-07-15 09:54:26,183] {processor.py:651} INFO - DAG(s) dict_keys(['hands_on_test']) retrieved from /opt/airflow/dags/dag.py
[2022-07-15 09:54:26,316] {logging_mixin.py:115} INFO - [2022-07-15 09:54:26,316] {manager.py:508} INFO - Created Permission View: can edit on DAG:hands_on_test
[2022-07-15 09:54:26,328] {logging_mixin.py:115} INFO - [2022-07-15 09:54:26,328] {manager.py:508} INFO - Created Permission View: can delete on DAG:hands_on_test
[2022-07-15 09:54:26,336] {logging_mixin.py:115} INFO - [2022-07-15 09:54:26,336] {manager.py:508} INFO - Created Permission View: can read on DAG:hands_on_test
[2022-07-15 09:54:26,337] {logging_mixin.py:115} INFO - [2022-07-15 09:54:26,337] {dag.py:2371} INFO - Sync 1 DAGs
[2022-07-15 09:54:26,348] {logging_mixin.py:115} INFO - [2022-07-15 09:54:26,348] {dag.py:2390} INFO - Creating ORM DAG for hands_on_test
[2022-07-15 09:54:26,365] {logging_mixin.py:115} INFO - [2022-07-15 09:54:26,365] {dag.py:2919} INFO - Setting next_dagrun for hands_on_test to 2022-07-14T00:00:00+00:00, run_after=2022-07-15T00:00:00+00:00
[2022-07-15 09:54:26,379] {processor.py:161} INFO - Processing /opt/airflow/dags/dag.py took 0.301 seconds
[2022-07-15 09:54:56,469] {processor.py:153} INFO - Started process (PID=197) to work on /opt/airflow/dags/dag.py
[2022-07-15 09:54:56,471] {processor.py:641} INFO - Processing file /opt/airflow/dags/dag.py for tasks to queue
[2022-07-15 09:54:56,473] {logging_mixin.py:115} INFO - [2022-07-15 09:54:56,473] {dagbag.py:507} INFO - Filling up the DagBag from /opt/airflow/dags/dag.py
[2022-07-15 09:54:56,518] {processor.py:651} INFO - DAG(s) dict_keys(['hands_on_test']) retrieved from /opt/airflow/dags/dag.py
[2022-07-15 09:54:56,566] {logging_mixin.py:115} INFO - [2022-07-15 09:54:56,566] {dag.py:2371} INFO - Sync 1 DAGs
[2022-07-15 09:54:56,597] {logging_mixin.py:115} INFO - [2022-07-15 09:54:56,597] {dag.py:2919} INFO - Setting next_dagrun for hands_on_test to 2022-07-14T00:00:00+00:00, run_after=2022-07-15T00:00:00+00:00
[2022-07-15 09:54:56,611] {processor.py:161} INFO - Processing /opt/airflow/dags/dag.py took 0.153 seconds
[2022-07-15 09:55:26,686] {processor.py:153} INFO - Started process (PID=229) to work on /opt/airflow/dags/dag.py
[2022-07-15 09:55:26,688] {processor.py:641} INFO - Processing file /opt/airflow/dags/dag.py for tasks to queue
[2022-07-15 09:55:26,690] {logging_mixin.py:115} INFO - [2022-07-15 09:55:26,690] {dagbag.py:507} INFO - Filling up the DagBag from /opt/airflow/dags/dag.py
[2022-07-15 09:55:26,731] {processor.py:651} INFO - DAG(s) dict_keys(['hands_on_test']) retrieved from /opt/airflow/dags/dag.py
[2022-07-15 09:55:26,770] {logging_mixin.py:115} INFO - [2022-07-15 09:55:26,770] {dag.py:2371} INFO - Sync 1 DAGs
[2022-07-15 09:55:26,803] {logging_mixin.py:115} INFO - [2022-07-15 09:55:26,803] {dag.py:2919} INFO - Setting next_dagrun for hands_on_test to 2022-07-14T00:00:00+00:00, run_after=2022-07-15T00:00:00+00:00
[2022-07-15 09:55:26,818] {processor.py:161} INFO - Processing /opt/airflow/dags/dag.py took 0.137 seconds
[2022-07-15 09:55:56,956] {processor.py:153} INFO - Started process (PID=253) to work on /opt/airflow/dags/dag.py
[2022-07-15 09:55:56,957] {processor.py:641} INFO - Processing file /opt/airflow/dags/dag.py for tasks to queue
[2022-07-15 09:55:56,958] {logging_mixin.py:115} INFO - [2022-07-15 09:55:56,958] {dagbag.py:507} INFO - Filling up the DagBag from /opt/airflow/dags/dag.py
[2022-07-15 09:55:56,999] {processor.py:651} INFO - DAG(s) dict_keys(['hands_on_test']) retrieved from /opt/airflow/dags/dag.py
[2022-07-15 09:55:57,038] {logging_mixin.py:115} INFO - [2022-07-15 09:55:57,038] {dag.py:2371} INFO - Sync 1 DAGs
[2022-07-15 09:55:57,068] {logging_mixin.py:115} INFO - [2022-07-15 09:55:57,068] {dag.py:2919} INFO - Setting next_dagrun for hands_on_test to 2022-07-14T00:00:00+00:00, run_after=2022-07-15T00:00:00+00:00
[2022-07-15 09:55:57,083] {processor.py:161} INFO - Processing /opt/airflow/dags/dag.py took 0.132 seconds
[2022-07-15 09:56:27,156] {processor.py:153} INFO - Started process (PID=286) to work on /opt/airflow/dags/dag.py
[2022-07-15 09:56:27,158] {processor.py:641} INFO - Processing file /opt/airflow/dags/dag.py for tasks to queue
[2022-07-15 09:56:27,159] {logging_mixin.py:115} INFO - [2022-07-15 09:56:27,159] {dagbag.py:507} INFO - Filling up the DagBag from /opt/airflow/dags/dag.py
[2022-07-15 09:56:27,195] {processor.py:651} INFO - DAG(s) dict_keys(['hands_on_test']) retrieved from /opt/airflow/dags/dag.py
[2022-07-15 09:56:27,235] {logging_mixin.py:115} INFO - [2022-07-15 09:56:27,235] {dag.py:2371} INFO - Sync 1 DAGs
[2022-07-15 09:56:27,269] {logging_mixin.py:115} INFO - [2022-07-15 09:56:27,269] {dag.py:2919} INFO - Setting next_dagrun for hands_on_test to 2022-07-14T00:00:00+00:00, run_after=2022-07-15T00:00:00+00:00
[2022-07-15 09:56:27,286] {processor.py:161} INFO - Processing /opt/airflow/dags/dag.py took 0.134 seconds
[2022-07-15 09:56:57,359] {processor.py:153} INFO - Started process (PID=311) to work on /opt/airflow/dags/dag.py
[2022-07-15 09:56:57,361] {processor.py:641} INFO - Processing file /opt/airflow/dags/dag.py for tasks to queue
[2022-07-15 09:56:57,363] {logging_mixin.py:115} INFO - [2022-07-15 09:56:57,363] {dagbag.py:507} INFO - Filling up the DagBag from /opt/airflow/dags/dag.py
[2022-07-15 09:56:57,399] {processor.py:651} INFO - DAG(s) dict_keys(['hands_on_test']) retrieved from /opt/airflow/dags/dag.py
[2022-07-15 09:56:57,441] {logging_mixin.py:115} INFO - [2022-07-15 09:56:57,441] {dag.py:2371} INFO - Sync 1 DAGs
[2022-07-15 09:56:57,472] {logging_mixin.py:115} INFO - [2022-07-15 09:56:57,472] {dag.py:2919} INFO - Setting next_dagrun for hands_on_test to 2022-07-14T00:00:00+00:00, run_after=2022-07-15T00:00:00+00:00
[2022-07-15 09:56:57,486] {processor.py:161} INFO - Processing /opt/airflow/dags/dag.py took 0.131 seconds
[2022-07-15 09:57:27,572] {processor.py:153} INFO - Started process (PID=344) to work on /opt/airflow/dags/dag.py
[2022-07-15 09:57:27,573] {processor.py:641} INFO - Processing file /opt/airflow/dags/dag.py for tasks to queue
[2022-07-15 09:57:27,575] {logging_mixin.py:115} INFO - [2022-07-15 09:57:27,574] {dagbag.py:507} INFO - Filling up the DagBag from /opt/airflow/dags/dag.py
[2022-07-15 09:57:27,635] {processor.py:651} INFO - DAG(s) dict_keys(['hands_on_test']) retrieved from /opt/airflow/dags/dag.py
[2022-07-15 09:57:27,678] {logging_mixin.py:115} INFO - [2022-07-15 09:57:27,678] {dag.py:2371} INFO - Sync 1 DAGs
[2022-07-15 09:57:27,708] {logging_mixin.py:115} INFO - [2022-07-15 09:57:27,708] {dag.py:2919} INFO - Setting next_dagrun for hands_on_test to 2022-07-14T00:00:00+00:00, run_after=2022-07-15T00:00:00+00:00
[2022-07-15 09:57:27,722] {processor.py:161} INFO - Processing /opt/airflow/dags/dag.py took 0.155 seconds
[2022-07-15 09:57:57,857] {processor.py:153} INFO - Started process (PID=368) to work on /opt/airflow/dags/dag.py
[2022-07-15 09:57:57,860] {processor.py:641} INFO - Processing file /opt/airflow/dags/dag.py for tasks to queue
[2022-07-15 09:57:57,862] {logging_mixin.py:115} INFO - [2022-07-15 09:57:57,861] {dagbag.py:507} INFO - Filling up the DagBag from /opt/airflow/dags/dag.py
[2022-07-15 09:57:57,924] {processor.py:651} INFO - DAG(s) dict_keys(['hands_on_test']) retrieved from /opt/airflow/dags/dag.py
[2022-07-15 09:57:57,967] {logging_mixin.py:115} INFO - [2022-07-15 09:57:57,967] {dag.py:2371} INFO - Sync 1 DAGs
[2022-07-15 09:57:58,005] {logging_mixin.py:115} INFO - [2022-07-15 09:57:58,005] {dag.py:2919} INFO - Setting next_dagrun for hands_on_test to 2022-07-14T00:00:00+00:00, run_after=2022-07-15T00:00:00+00:00
[2022-07-15 09:57:58,020] {processor.py:161} INFO - Processing /opt/airflow/dags/dag.py took 0.167 seconds
[2022-07-15 09:58:28,891] {processor.py:153} INFO - Started process (PID=401) to work on /opt/airflow/dags/dag.py
[2022-07-15 09:58:28,893] {processor.py:641} INFO - Processing file /opt/airflow/dags/dag.py for tasks to queue
[2022-07-15 09:58:28,895] {logging_mixin.py:115} INFO - [2022-07-15 09:58:28,894] {dagbag.py:507} INFO - Filling up the DagBag from /opt/airflow/dags/dag.py
[2022-07-15 09:58:28,938] {processor.py:651} INFO - DAG(s) dict_keys(['hands_on_test']) retrieved from /opt/airflow/dags/dag.py
[2022-07-15 09:58:28,980] {logging_mixin.py:115} INFO - [2022-07-15 09:58:28,980] {dag.py:2371} INFO - Sync 1 DAGs
[2022-07-15 09:58:29,013] {logging_mixin.py:115} INFO - [2022-07-15 09:58:29,013] {dag.py:2919} INFO - Setting next_dagrun for hands_on_test to 2022-07-14T00:00:00+00:00, run_after=2022-07-15T00:00:00+00:00
[2022-07-15 09:58:29,026] {processor.py:161} INFO - Processing /opt/airflow/dags/dag.py took 0.142 seconds
[2022-07-15 09:58:59,124] {processor.py:153} INFO - Started process (PID=433) to work on /opt/airflow/dags/dag.py
[2022-07-15 09:58:59,126] {processor.py:641} INFO - Processing file /opt/airflow/dags/dag.py for tasks to queue
[2022-07-15 09:58:59,128] {logging_mixin.py:115} INFO - [2022-07-15 09:58:59,127] {dagbag.py:507} INFO - Filling up the DagBag from /opt/airflow/dags/dag.py
[2022-07-15 09:58:59,162] {processor.py:651} INFO - DAG(s) dict_keys(['hands_on_test']) retrieved from /opt/airflow/dags/dag.py
[2022-07-15 09:58:59,201] {logging_mixin.py:115} INFO - [2022-07-15 09:58:59,201] {dag.py:2371} INFO - Sync 1 DAGs
[2022-07-15 09:58:59,233] {logging_mixin.py:115} INFO - [2022-07-15 09:58:59,233] {dag.py:2919} INFO - Setting next_dagrun for hands_on_test to 2022-07-14T00:00:00+00:00, run_after=2022-07-15T00:00:00+00:00
[2022-07-15 09:58:59,250] {processor.py:161} INFO - Processing /opt/airflow/dags/dag.py took 0.130 seconds
[2022-07-15 09:59:29,336] {processor.py:153} INFO - Started process (PID=461) to work on /opt/airflow/dags/dag.py
[2022-07-15 09:59:29,338] {processor.py:641} INFO - Processing file /opt/airflow/dags/dag.py for tasks to queue
[2022-07-15 09:59:29,339] {logging_mixin.py:115} INFO - [2022-07-15 09:59:29,339] {dagbag.py:507} INFO - Filling up the DagBag from /opt/airflow/dags/dag.py
[2022-07-15 09:59:29,376] {processor.py:651} INFO - DAG(s) dict_keys(['hands_on_test']) retrieved from /opt/airflow/dags/dag.py
[2022-07-15 09:59:29,415] {logging_mixin.py:115} INFO - [2022-07-15 09:59:29,415] {dag.py:2371} INFO - Sync 1 DAGs
[2022-07-15 09:59:29,453] {logging_mixin.py:115} INFO - [2022-07-15 09:59:29,453] {dag.py:2919} INFO - Setting next_dagrun for hands_on_test to 2022-07-14T00:00:00+00:00, run_after=2022-07-15T00:00:00+00:00
[2022-07-15 09:59:29,470] {processor.py:161} INFO - Processing /opt/airflow/dags/dag.py took 0.141 seconds
[2022-07-15 09:59:59,580] {processor.py:153} INFO - Started process (PID=498) to work on /opt/airflow/dags/dag.py
[2022-07-15 09:59:59,581] {processor.py:641} INFO - Processing file /opt/airflow/dags/dag.py for tasks to queue
[2022-07-15 09:59:59,582] {logging_mixin.py:115} INFO - [2022-07-15 09:59:59,582] {dagbag.py:507} INFO - Filling up the DagBag from /opt/airflow/dags/dag.py
[2022-07-15 09:59:59,616] {processor.py:651} INFO - DAG(s) dict_keys(['hands_on_test']) retrieved from /opt/airflow/dags/dag.py
[2022-07-15 09:59:59,656] {logging_mixin.py:115} INFO - [2022-07-15 09:59:59,656] {dag.py:2371} INFO - Sync 1 DAGs
[2022-07-15 09:59:59,686] {logging_mixin.py:115} INFO - [2022-07-15 09:59:59,686] {dag.py:2919} INFO - Setting next_dagrun for hands_on_test to 2022-07-14T00:00:00+00:00, run_after=2022-07-15T00:00:00+00:00
[2022-07-15 09:59:59,701] {processor.py:161} INFO - Processing /opt/airflow/dags/dag.py took 0.126 seconds
[2022-07-15 10:00:29,785] {processor.py:153} INFO - Started process (PID=526) to work on /opt/airflow/dags/dag.py
[2022-07-15 10:00:29,787] {processor.py:641} INFO - Processing file /opt/airflow/dags/dag.py for tasks to queue
[2022-07-15 10:00:29,789] {logging_mixin.py:115} INFO - [2022-07-15 10:00:29,788] {dagbag.py:507} INFO - Filling up the DagBag from /opt/airflow/dags/dag.py
[2022-07-15 10:00:29,826] {processor.py:651} INFO - DAG(s) dict_keys(['hands_on_test']) retrieved from /opt/airflow/dags/dag.py
[2022-07-15 10:00:29,867] {logging_mixin.py:115} INFO - [2022-07-15 10:00:29,867] {dag.py:2371} INFO - Sync 1 DAGs
[2022-07-15 10:00:29,901] {logging_mixin.py:115} INFO - [2022-07-15 10:00:29,901] {dag.py:2919} INFO - Setting next_dagrun for hands_on_test to 2022-07-14T00:00:00+00:00, run_after=2022-07-15T00:00:00+00:00
[2022-07-15 10:00:29,916] {processor.py:161} INFO - Processing /opt/airflow/dags/dag.py took 0.135 seconds
[2022-07-15 10:01:00,013] {processor.py:153} INFO - Started process (PID=563) to work on /opt/airflow/dags/dag.py
[2022-07-15 10:01:00,015] {processor.py:641} INFO - Processing file /opt/airflow/dags/dag.py for tasks to queue
[2022-07-15 10:01:00,016] {logging_mixin.py:115} INFO - [2022-07-15 10:01:00,016] {dagbag.py:507} INFO - Filling up the DagBag from /opt/airflow/dags/dag.py
[2022-07-15 10:01:00,055] {processor.py:651} INFO - DAG(s) dict_keys(['hands_on_test']) retrieved from /opt/airflow/dags/dag.py
[2022-07-15 10:01:00,096] {logging_mixin.py:115} INFO - [2022-07-15 10:01:00,096] {dag.py:2371} INFO - Sync 1 DAGs
[2022-07-15 10:01:00,129] {logging_mixin.py:115} INFO - [2022-07-15 10:01:00,129] {dag.py:2919} INFO - Setting next_dagrun for hands_on_test to 2022-07-14T00:00:00+00:00, run_after=2022-07-15T00:00:00+00:00
[2022-07-15 10:01:00,142] {processor.py:161} INFO - Processing /opt/airflow/dags/dag.py took 0.139 seconds
[2022-07-15 10:01:30,231] {processor.py:153} INFO - Started process (PID=601) to work on /opt/airflow/dags/dag.py
[2022-07-15 10:01:30,233] {processor.py:641} INFO - Processing file /opt/airflow/dags/dag.py for tasks to queue
[2022-07-15 10:01:30,235] {logging_mixin.py:115} INFO - [2022-07-15 10:01:30,235] {dagbag.py:507} INFO - Filling up the DagBag from /opt/airflow/dags/dag.py
[2022-07-15 10:01:30,271] {processor.py:651} INFO - DAG(s) dict_keys(['hands_on_test']) retrieved from /opt/airflow/dags/dag.py
[2022-07-15 10:01:30,311] {logging_mixin.py:115} INFO - [2022-07-15 10:01:30,310] {dag.py:2371} INFO - Sync 1 DAGs
[2022-07-15 10:01:30,361] {logging_mixin.py:115} INFO - [2022-07-15 10:01:30,361] {dag.py:2919} INFO - Setting next_dagrun for hands_on_test to 2022-07-14T00:00:00+00:00, run_after=2022-07-15T00:00:00+00:00
[2022-07-15 10:01:30,386] {processor.py:161} INFO - Processing /opt/airflow/dags/dag.py took 0.161 seconds
[2022-07-15 10:02:00,493] {processor.py:153} INFO - Started process (PID=629) to work on /opt/airflow/dags/dag.py
[2022-07-15 10:02:00,495] {processor.py:641} INFO - Processing file /opt/airflow/dags/dag.py for tasks to queue
[2022-07-15 10:02:00,496] {logging_mixin.py:115} INFO - [2022-07-15 10:02:00,496] {dagbag.py:507} INFO - Filling up the DagBag from /opt/airflow/dags/dag.py
[2022-07-15 10:02:00,542] {processor.py:651} INFO - DAG(s) dict_keys(['hands_on_test']) retrieved from /opt/airflow/dags/dag.py
[2022-07-15 10:02:00,565] {logging_mixin.py:115} INFO - [2022-07-15 10:02:00,565] {dag.py:2371} INFO - Sync 1 DAGs
[2022-07-15 10:02:00,596] {logging_mixin.py:115} INFO - [2022-07-15 10:02:00,595] {dag.py:2919} INFO - Setting next_dagrun for hands_on_test to 2022-07-14T00:00:00+00:00, run_after=2022-07-15T00:00:00+00:00
[2022-07-15 10:02:00,611] {processor.py:161} INFO - Processing /opt/airflow/dags/dag.py took 0.145 seconds
[2022-07-15 10:02:30,696] {processor.py:153} INFO - Started process (PID=666) to work on /opt/airflow/dags/dag.py
[2022-07-15 10:02:30,697] {processor.py:641} INFO - Processing file /opt/airflow/dags/dag.py for tasks to queue
[2022-07-15 10:02:30,698] {logging_mixin.py:115} INFO - [2022-07-15 10:02:30,698] {dagbag.py:507} INFO - Filling up the DagBag from /opt/airflow/dags/dag.py
[2022-07-15 10:02:30,738] {processor.py:651} INFO - DAG(s) dict_keys(['hands_on_test']) retrieved from /opt/airflow/dags/dag.py
[2022-07-15 10:02:30,778] {logging_mixin.py:115} INFO - [2022-07-15 10:02:30,778] {dag.py:2371} INFO - Sync 1 DAGs
[2022-07-15 10:02:30,808] {logging_mixin.py:115} INFO - [2022-07-15 10:02:30,808] {dag.py:2919} INFO - Setting next_dagrun for hands_on_test to 2022-07-14T00:00:00+00:00, run_after=2022-07-15T00:00:00+00:00
[2022-07-15 10:02:30,824] {processor.py:161} INFO - Processing /opt/airflow/dags/dag.py took 0.133 seconds
[2022-07-15 10:03:00,909] {processor.py:153} INFO - Started process (PID=694) to work on /opt/airflow/dags/dag.py
[2022-07-15 10:03:00,910] {processor.py:641} INFO - Processing file /opt/airflow/dags/dag.py for tasks to queue
[2022-07-15 10:03:00,911] {logging_mixin.py:115} INFO - [2022-07-15 10:03:00,911] {dagbag.py:507} INFO - Filling up the DagBag from /opt/airflow/dags/dag.py
[2022-07-15 10:03:00,945] {processor.py:651} INFO - DAG(s) dict_keys(['hands_on_test']) retrieved from /opt/airflow/dags/dag.py
[2022-07-15 10:03:00,983] {logging_mixin.py:115} INFO - [2022-07-15 10:03:00,983] {dag.py:2371} INFO - Sync 1 DAGs
[2022-07-15 10:03:01,012] {logging_mixin.py:115} INFO - [2022-07-15 10:03:01,012] {dag.py:2919} INFO - Setting next_dagrun for hands_on_test to 2022-07-14T00:00:00+00:00, run_after=2022-07-15T00:00:00+00:00
[2022-07-15 10:03:01,028] {processor.py:161} INFO - Processing /opt/airflow/dags/dag.py took 0.124 seconds
[2022-07-15 10:03:31,124] {processor.py:153} INFO - Started process (PID=732) to work on /opt/airflow/dags/dag.py
[2022-07-15 10:03:31,126] {processor.py:641} INFO - Processing file /opt/airflow/dags/dag.py for tasks to queue
[2022-07-15 10:03:31,128] {logging_mixin.py:115} INFO - [2022-07-15 10:03:31,127] {dagbag.py:507} INFO - Filling up the DagBag from /opt/airflow/dags/dag.py
[2022-07-15 10:03:31,171] {processor.py:651} INFO - DAG(s) dict_keys(['hands_on_test']) retrieved from /opt/airflow/dags/dag.py
[2022-07-15 10:03:31,209] {logging_mixin.py:115} INFO - [2022-07-15 10:03:31,209] {dag.py:2371} INFO - Sync 1 DAGs
[2022-07-15 10:03:31,242] {logging_mixin.py:115} INFO - [2022-07-15 10:03:31,242] {dag.py:2919} INFO - Setting next_dagrun for hands_on_test to 2022-07-14T00:00:00+00:00, run_after=2022-07-15T00:00:00+00:00
[2022-07-15 10:03:31,258] {processor.py:161} INFO - Processing /opt/airflow/dags/dag.py took 0.142 seconds
[2022-07-15 10:04:01,339] {processor.py:153} INFO - Started process (PID=770) to work on /opt/airflow/dags/dag.py
[2022-07-15 10:04:01,340] {processor.py:641} INFO - Processing file /opt/airflow/dags/dag.py for tasks to queue
[2022-07-15 10:04:01,341] {logging_mixin.py:115} INFO - [2022-07-15 10:04:01,341] {dagbag.py:507} INFO - Filling up the DagBag from /opt/airflow/dags/dag.py
[2022-07-15 10:04:01,376] {processor.py:651} INFO - DAG(s) dict_keys(['hands_on_test']) retrieved from /opt/airflow/dags/dag.py
[2022-07-15 10:04:01,416] {logging_mixin.py:115} INFO - [2022-07-15 10:04:01,416] {dag.py:2371} INFO - Sync 1 DAGs
[2022-07-15 10:04:01,449] {logging_mixin.py:115} INFO - [2022-07-15 10:04:01,449] {dag.py:2919} INFO - Setting next_dagrun for hands_on_test to 2022-07-14T00:00:00+00:00, run_after=2022-07-15T00:00:00+00:00
[2022-07-15 10:04:01,466] {processor.py:161} INFO - Processing /opt/airflow/dags/dag.py took 0.131 seconds
[2022-07-15 10:04:31,564] {processor.py:153} INFO - Started process (PID=799) to work on /opt/airflow/dags/dag.py
[2022-07-15 10:04:31,566] {processor.py:641} INFO - Processing file /opt/airflow/dags/dag.py for tasks to queue
[2022-07-15 10:04:31,567] {logging_mixin.py:115} INFO - [2022-07-15 10:04:31,567] {dagbag.py:507} INFO - Filling up the DagBag from /opt/airflow/dags/dag.py
[2022-07-15 10:04:31,602] {processor.py:651} INFO - DAG(s) dict_keys(['hands_on_test']) retrieved from /opt/airflow/dags/dag.py
[2022-07-15 10:04:31,639] {logging_mixin.py:115} INFO - [2022-07-15 10:04:31,639] {dag.py:2371} INFO - Sync 1 DAGs
[2022-07-15 10:04:31,667] {logging_mixin.py:115} INFO - [2022-07-15 10:04:31,667] {dag.py:2919} INFO - Setting next_dagrun for hands_on_test to 2022-07-14T00:00:00+00:00, run_after=2022-07-15T00:00:00+00:00
[2022-07-15 10:04:31,682] {processor.py:161} INFO - Processing /opt/airflow/dags/dag.py took 0.122 seconds
[2022-07-15 10:05:01,762] {processor.py:153} INFO - Started process (PID=836) to work on /opt/airflow/dags/dag.py
[2022-07-15 10:05:01,764] {processor.py:641} INFO - Processing file /opt/airflow/dags/dag.py for tasks to queue
[2022-07-15 10:05:01,765] {logging_mixin.py:115} INFO - [2022-07-15 10:05:01,765] {dagbag.py:507} INFO - Filling up the DagBag from /opt/airflow/dags/dag.py
[2022-07-15 10:05:01,802] {processor.py:651} INFO - DAG(s) dict_keys(['hands_on_test']) retrieved from /opt/airflow/dags/dag.py
[2022-07-15 10:05:01,839] {logging_mixin.py:115} INFO - [2022-07-15 10:05:01,839] {dag.py:2371} INFO - Sync 1 DAGs
[2022-07-15 10:05:01,868] {logging_mixin.py:115} INFO - [2022-07-15 10:05:01,868] {dag.py:2919} INFO - Setting next_dagrun for hands_on_test to 2022-07-14T00:00:00+00:00, run_after=2022-07-15T00:00:00+00:00
[2022-07-15 10:05:01,884] {processor.py:161} INFO - Processing /opt/airflow/dags/dag.py took 0.126 seconds
[2022-07-15 10:05:31,967] {processor.py:153} INFO - Started process (PID=863) to work on /opt/airflow/dags/dag.py
[2022-07-15 10:05:31,969] {processor.py:641} INFO - Processing file /opt/airflow/dags/dag.py for tasks to queue
[2022-07-15 10:05:31,972] {logging_mixin.py:115} INFO - [2022-07-15 10:05:31,971] {dagbag.py:507} INFO - Filling up the DagBag from /opt/airflow/dags/dag.py
[2022-07-15 10:05:32,024] {processor.py:651} INFO - DAG(s) dict_keys(['hands_on_test']) retrieved from /opt/airflow/dags/dag.py
[2022-07-15 10:05:32,063] {logging_mixin.py:115} INFO - [2022-07-15 10:05:32,063] {dag.py:2371} INFO - Sync 1 DAGs
[2022-07-15 10:05:32,095] {logging_mixin.py:115} INFO - [2022-07-15 10:05:32,095] {dag.py:2919} INFO - Setting next_dagrun for hands_on_test to 2022-07-14T00:00:00+00:00, run_after=2022-07-15T00:00:00+00:00
[2022-07-15 10:05:32,110] {processor.py:161} INFO - Processing /opt/airflow/dags/dag.py took 0.149 seconds
[2022-07-15 10:06:02,176] {processor.py:153} INFO - Started process (PID=901) to work on /opt/airflow/dags/dag.py
[2022-07-15 10:06:02,178] {processor.py:641} INFO - Processing file /opt/airflow/dags/dag.py for tasks to queue
[2022-07-15 10:06:02,179] {logging_mixin.py:115} INFO - [2022-07-15 10:06:02,179] {dagbag.py:507} INFO - Filling up the DagBag from /opt/airflow/dags/dag.py
[2022-07-15 10:06:02,214] {processor.py:651} INFO - DAG(s) dict_keys(['hands_on_test']) retrieved from /opt/airflow/dags/dag.py
[2022-07-15 10:06:02,251] {logging_mixin.py:115} INFO - [2022-07-15 10:06:02,251] {dag.py:2371} INFO - Sync 1 DAGs
[2022-07-15 10:06:02,280] {logging_mixin.py:115} INFO - [2022-07-15 10:06:02,279] {dag.py:2919} INFO - Setting next_dagrun for hands_on_test to 2022-07-14T00:00:00+00:00, run_after=2022-07-15T00:00:00+00:00
[2022-07-15 10:06:02,294] {processor.py:161} INFO - Processing /opt/airflow/dags/dag.py took 0.122 seconds
[2022-07-15 10:06:32,372] {processor.py:153} INFO - Started process (PID=938) to work on /opt/airflow/dags/dag.py
[2022-07-15 10:06:32,374] {processor.py:641} INFO - Processing file /opt/airflow/dags/dag.py for tasks to queue
[2022-07-15 10:06:32,375] {logging_mixin.py:115} INFO - [2022-07-15 10:06:32,375] {dagbag.py:507} INFO - Filling up the DagBag from /opt/airflow/dags/dag.py
[2022-07-15 10:06:32,409] {processor.py:651} INFO - DAG(s) dict_keys(['hands_on_test']) retrieved from /opt/airflow/dags/dag.py
[2022-07-15 10:06:32,447] {logging_mixin.py:115} INFO - [2022-07-15 10:06:32,447] {dag.py:2371} INFO - Sync 1 DAGs
[2022-07-15 10:06:32,475] {logging_mixin.py:115} INFO - [2022-07-15 10:06:32,475] {dag.py:2919} INFO - Setting next_dagrun for hands_on_test to 2022-07-14T00:00:00+00:00, run_after=2022-07-15T00:00:00+00:00
[2022-07-15 10:06:32,488] {processor.py:161} INFO - Processing /opt/airflow/dags/dag.py took 0.120 seconds
[2022-07-15 10:07:02,578] {processor.py:153} INFO - Started process (PID=966) to work on /opt/airflow/dags/dag.py
[2022-07-15 10:07:02,580] {processor.py:641} INFO - Processing file /opt/airflow/dags/dag.py for tasks to queue
[2022-07-15 10:07:02,581] {logging_mixin.py:115} INFO - [2022-07-15 10:07:02,581] {dagbag.py:507} INFO - Filling up the DagBag from /opt/airflow/dags/dag.py
[2022-07-15 10:07:02,617] {processor.py:651} INFO - DAG(s) dict_keys(['hands_on_test']) retrieved from /opt/airflow/dags/dag.py
[2022-07-15 10:07:02,656] {logging_mixin.py:115} INFO - [2022-07-15 10:07:02,655] {dag.py:2371} INFO - Sync 1 DAGs
[2022-07-15 10:07:02,684] {logging_mixin.py:115} INFO - [2022-07-15 10:07:02,684] {dag.py:2919} INFO - Setting next_dagrun for hands_on_test to 2022-07-14T00:00:00+00:00, run_after=2022-07-15T00:00:00+00:00
[2022-07-15 10:07:02,699] {processor.py:161} INFO - Processing /opt/airflow/dags/dag.py took 0.125 seconds
[2022-07-15 10:07:32,788] {processor.py:153} INFO - Started process (PID=1003) to work on /opt/airflow/dags/dag.py
[2022-07-15 10:07:32,790] {processor.py:641} INFO - Processing file /opt/airflow/dags/dag.py for tasks to queue
[2022-07-15 10:07:32,791] {logging_mixin.py:115} INFO - [2022-07-15 10:07:32,791] {dagbag.py:507} INFO - Filling up the DagBag from /opt/airflow/dags/dag.py
[2022-07-15 10:07:32,831] {processor.py:651} INFO - DAG(s) dict_keys(['hands_on_test']) retrieved from /opt/airflow/dags/dag.py
[2022-07-15 10:07:32,875] {logging_mixin.py:115} INFO - [2022-07-15 10:07:32,874] {dag.py:2371} INFO - Sync 1 DAGs
[2022-07-15 10:07:32,907] {logging_mixin.py:115} INFO - [2022-07-15 10:07:32,907] {dag.py:2919} INFO - Setting next_dagrun for hands_on_test to 2022-07-14T00:00:00+00:00, run_after=2022-07-15T00:00:00+00:00
[2022-07-15 10:07:32,925] {processor.py:161} INFO - Processing /opt/airflow/dags/dag.py took 0.141 seconds
[2022-07-15 10:08:03,027] {processor.py:153} INFO - Started process (PID=1031) to work on /opt/airflow/dags/dag.py
[2022-07-15 10:08:03,029] {processor.py:641} INFO - Processing file /opt/airflow/dags/dag.py for tasks to queue
[2022-07-15 10:08:03,031] {logging_mixin.py:115} INFO - [2022-07-15 10:08:03,030] {dagbag.py:507} INFO - Filling up the DagBag from /opt/airflow/dags/dag.py
[2022-07-15 10:08:03,082] {processor.py:651} INFO - DAG(s) dict_keys(['hands_on_test']) retrieved from /opt/airflow/dags/dag.py
[2022-07-15 10:08:03,123] {logging_mixin.py:115} INFO - [2022-07-15 10:08:03,123] {dag.py:2371} INFO - Sync 1 DAGs
[2022-07-15 10:08:03,152] {logging_mixin.py:115} INFO - [2022-07-15 10:08:03,152] {dag.py:2919} INFO - Setting next_dagrun for hands_on_test to 2022-07-14T00:00:00+00:00, run_after=2022-07-15T00:00:00+00:00
[2022-07-15 10:08:03,171] {processor.py:161} INFO - Processing /opt/airflow/dags/dag.py took 0.149 seconds
[2022-07-15 10:08:33,220] {processor.py:153} INFO - Started process (PID=1069) to work on /opt/airflow/dags/dag.py
[2022-07-15 10:08:33,221] {processor.py:641} INFO - Processing file /opt/airflow/dags/dag.py for tasks to queue
[2022-07-15 10:08:33,223] {logging_mixin.py:115} INFO - [2022-07-15 10:08:33,222] {dagbag.py:507} INFO - Filling up the DagBag from /opt/airflow/dags/dag.py
[2022-07-15 10:08:33,257] {processor.py:651} INFO - DAG(s) dict_keys(['hands_on_test']) retrieved from /opt/airflow/dags/dag.py
[2022-07-15 10:08:33,294] {logging_mixin.py:115} INFO - [2022-07-15 10:08:33,294] {dag.py:2371} INFO - Sync 1 DAGs
[2022-07-15 10:08:33,326] {logging_mixin.py:115} INFO - [2022-07-15 10:08:33,326] {dag.py:2919} INFO - Setting next_dagrun for hands_on_test to 2022-07-14T00:00:00+00:00, run_after=2022-07-15T00:00:00+00:00
[2022-07-15 10:08:33,340] {processor.py:161} INFO - Processing /opt/airflow/dags/dag.py took 0.125 seconds
[2022-07-15 10:09:03,429] {processor.py:153} INFO - Started process (PID=1097) to work on /opt/airflow/dags/dag.py
[2022-07-15 10:09:03,431] {processor.py:641} INFO - Processing file /opt/airflow/dags/dag.py for tasks to queue
[2022-07-15 10:09:03,432] {logging_mixin.py:115} INFO - [2022-07-15 10:09:03,432] {dagbag.py:507} INFO - Filling up the DagBag from /opt/airflow/dags/dag.py
[2022-07-15 10:09:03,473] {processor.py:651} INFO - DAG(s) dict_keys(['hands_on_test']) retrieved from /opt/airflow/dags/dag.py
[2022-07-15 10:09:03,525] {logging_mixin.py:115} INFO - [2022-07-15 10:09:03,525] {dag.py:2371} INFO - Sync 1 DAGs
[2022-07-15 10:09:03,557] {logging_mixin.py:115} INFO - [2022-07-15 10:09:03,557] {dag.py:2919} INFO - Setting next_dagrun for hands_on_test to 2022-07-14T00:00:00+00:00, run_after=2022-07-15T00:00:00+00:00
[2022-07-15 10:09:03,573] {processor.py:161} INFO - Processing /opt/airflow/dags/dag.py took 0.148 seconds
[2022-07-15 10:09:33,669] {processor.py:153} INFO - Started process (PID=1134) to work on /opt/airflow/dags/dag.py
[2022-07-15 10:09:33,671] {processor.py:641} INFO - Processing file /opt/airflow/dags/dag.py for tasks to queue
[2022-07-15 10:09:33,674] {logging_mixin.py:115} INFO - [2022-07-15 10:09:33,673] {dagbag.py:507} INFO - Filling up the DagBag from /opt/airflow/dags/dag.py
[2022-07-15 10:09:33,790] {processor.py:651} INFO - DAG(s) dict_keys(['hands_on_test']) retrieved from /opt/airflow/dags/dag.py
[2022-07-15 10:09:33,868] {logging_mixin.py:115} INFO - [2022-07-15 10:09:33,868] {dag.py:2371} INFO - Sync 1 DAGs
[2022-07-15 10:09:33,916] {logging_mixin.py:115} INFO - [2022-07-15 10:09:33,916] {dag.py:2919} INFO - Setting next_dagrun for hands_on_test to 2022-07-14T00:00:00+00:00, run_after=2022-07-15T00:00:00+00:00
[2022-07-15 10:09:33,941] {processor.py:161} INFO - Processing /opt/airflow/dags/dag.py took 0.279 seconds
[2022-07-15 10:10:04,754] {processor.py:153} INFO - Started process (PID=1171) to work on /opt/airflow/dags/dag.py
[2022-07-15 10:10:04,755] {processor.py:641} INFO - Processing file /opt/airflow/dags/dag.py for tasks to queue
[2022-07-15 10:10:04,756] {logging_mixin.py:115} INFO - [2022-07-15 10:10:04,756] {dagbag.py:507} INFO - Filling up the DagBag from /opt/airflow/dags/dag.py
[2022-07-15 10:10:04,792] {processor.py:651} INFO - DAG(s) dict_keys(['hands_on_test']) retrieved from /opt/airflow/dags/dag.py
[2022-07-15 10:10:04,830] {logging_mixin.py:115} INFO - [2022-07-15 10:10:04,829] {dag.py:2371} INFO - Sync 1 DAGs
[2022-07-15 10:10:04,859] {logging_mixin.py:115} INFO - [2022-07-15 10:10:04,859] {dag.py:2919} INFO - Setting next_dagrun for hands_on_test to 2022-07-14T00:00:00+00:00, run_after=2022-07-15T00:00:00+00:00
[2022-07-15 10:10:04,878] {processor.py:161} INFO - Processing /opt/airflow/dags/dag.py took 0.128 seconds
[2022-07-15 10:10:35,071] {processor.py:153} INFO - Started process (PID=1194) to work on /opt/airflow/dags/dag.py
[2022-07-15 10:10:35,072] {processor.py:641} INFO - Processing file /opt/airflow/dags/dag.py for tasks to queue
[2022-07-15 10:10:35,074] {logging_mixin.py:115} INFO - [2022-07-15 10:10:35,074] {dagbag.py:507} INFO - Filling up the DagBag from /opt/airflow/dags/dag.py
[2022-07-15 10:10:35,126] {processor.py:651} INFO - DAG(s) dict_keys(['hands_on_test']) retrieved from /opt/airflow/dags/dag.py
[2022-07-15 10:10:35,178] {logging_mixin.py:115} INFO - [2022-07-15 10:10:35,178] {dag.py:2371} INFO - Sync 1 DAGs
[2022-07-15 10:10:35,213] {logging_mixin.py:115} INFO - [2022-07-15 10:10:35,213] {dag.py:2919} INFO - Setting next_dagrun for hands_on_test to 2022-07-14T00:00:00+00:00, run_after=2022-07-15T00:00:00+00:00
[2022-07-15 10:10:35,238] {processor.py:161} INFO - Processing /opt/airflow/dags/dag.py took 0.171 seconds
